{"D:\\Projects\\kimi\\LibraHub\\app\\src\\hooks\\useLibrary.tsx": {"path":"D:\\Projects\\kimi\\LibraHub\\app\\src\\hooks\\useLibrary.tsx","statementMap":{"0":{"start":{"line":38,"column":35},"end":{"line":58,"column":null}},"1":{"start":{"line":75,"column":2},"end":{"line":131,"column":null}},"2":{"start":{"line":77,"column":6},"end":{"line":77,"column":null}},"3":{"start":{"line":79,"column":6},"end":{"line":79,"column":null}},"4":{"start":{"line":81,"column":6},"end":{"line":81,"column":null}},"5":{"start":{"line":83,"column":6},"end":{"line":83,"column":null}},"6":{"start":{"line":85,"column":6},"end":{"line":85,"column":null}},"7":{"start":{"line":87,"column":6},"end":{"line":87,"column":null}},"8":{"start":{"line":89,"column":6},"end":{"line":89,"column":null}},"9":{"start":{"line":91,"column":6},"end":{"line":91,"column":null}},"10":{"start":{"line":93,"column":24},"end":{"line":93,"column":null}},"11":{"start":{"line":94,"column":26},"end":{"line":94,"column":null}},"12":{"start":{"line":95,"column":26},"end":{"line":95,"column":null}},"13":{"start":{"line":97,"column":18},"end":{"line":97,"column":null}},"14":{"start":{"line":98,"column":24},"end":{"line":98,"column":null}},"15":{"start":{"line":99,"column":23},"end":{"line":99,"column":null}},"16":{"start":{"line":101,"column":6},"end":{"line":117,"column":null}},"17":{"start":{"line":113,"column":22},"end":{"line":113,"column":null}},"18":{"start":{"line":114,"column":12},"end":{"line":114,"column":null}},"19":{"start":{"line":120,"column":6},"end":{"line":128,"column":null}},"20":{"start":{"line":130,"column":6},"end":{"line":130,"column":null}},"21":{"start":{"line":167,"column":6},"end":{"line":167,"column":null}},"22":{"start":{"line":171,"column":24},"end":{"line":171,"column":null}},"23":{"start":{"line":174,"column":2},"end":{"line":177,"column":null}},"24":{"start":{"line":175,"column":4},"end":{"line":175,"column":null}},"25":{"start":{"line":176,"column":4},"end":{"line":176,"column":null}},"26":{"start":{"line":180,"column":8},"end":{"line":193,"column":null}},"27":{"start":{"line":181,"column":4},"end":{"line":181,"column":null}},"28":{"start":{"line":182,"column":4},"end":{"line":192,"column":null}},"29":{"start":{"line":183,"column":22},"end":{"line":183,"column":null}},"30":{"start":{"line":184,"column":6},"end":{"line":184,"column":null}},"31":{"start":{"line":185,"column":6},"end":{"line":185,"column":null}},"32":{"start":{"line":186,"column":6},"end":{"line":186,"column":null}},"33":{"start":{"line":188,"column":6},"end":{"line":188,"column":null}},"34":{"start":{"line":189,"column":6},"end":{"line":189,"column":null}},"35":{"start":{"line":191,"column":6},"end":{"line":191,"column":null}},"36":{"start":{"line":195,"column":8},"end":{"line":208,"column":null}},"37":{"start":{"line":196,"column":4},"end":{"line":196,"column":null}},"38":{"start":{"line":197,"column":4},"end":{"line":207,"column":null}},"39":{"start":{"line":198,"column":19},"end":{"line":198,"column":null}},"40":{"start":{"line":199,"column":6},"end":{"line":199,"column":null}},"41":{"start":{"line":200,"column":6},"end":{"line":200,"column":null}},"42":{"start":{"line":201,"column":6},"end":{"line":201,"column":null}},"43":{"start":{"line":203,"column":6},"end":{"line":203,"column":null}},"44":{"start":{"line":204,"column":6},"end":{"line":204,"column":null}},"45":{"start":{"line":206,"column":6},"end":{"line":206,"column":null}},"46":{"start":{"line":210,"column":8},"end":{"line":223,"column":null}},"47":{"start":{"line":211,"column":4},"end":{"line":211,"column":null}},"48":{"start":{"line":212,"column":4},"end":{"line":222,"column":null}},"49":{"start":{"line":213,"column":21},"end":{"line":213,"column":null}},"50":{"start":{"line":214,"column":6},"end":{"line":214,"column":null}},"51":{"start":{"line":215,"column":6},"end":{"line":215,"column":null}},"52":{"start":{"line":216,"column":6},"end":{"line":216,"column":null}},"53":{"start":{"line":218,"column":6},"end":{"line":218,"column":null}},"54":{"start":{"line":219,"column":6},"end":{"line":219,"column":null}},"55":{"start":{"line":221,"column":6},"end":{"line":221,"column":null}},"56":{"start":{"line":225,"column":8},"end":{"line":227,"column":null}},"57":{"start":{"line":226,"column":4},"end":{"line":226,"column":null}},"58":{"start":{"line":229,"column":8},"end":{"line":231,"column":null}},"59":{"start":{"line":230,"column":4},"end":{"line":230,"column":null}},"60":{"start":{"line":234,"column":8},"end":{"line":247,"column":null}},"61":{"start":{"line":235,"column":4},"end":{"line":235,"column":null}},"62":{"start":{"line":236,"column":4},"end":{"line":246,"column":null}},"63":{"start":{"line":237,"column":24},"end":{"line":237,"column":null}},"64":{"start":{"line":238,"column":6},"end":{"line":238,"column":null}},"65":{"start":{"line":239,"column":6},"end":{"line":239,"column":null}},"66":{"start":{"line":240,"column":6},"end":{"line":240,"column":null}},"67":{"start":{"line":242,"column":6},"end":{"line":242,"column":null}},"68":{"start":{"line":243,"column":6},"end":{"line":243,"column":null}},"69":{"start":{"line":245,"column":6},"end":{"line":245,"column":null}},"70":{"start":{"line":249,"column":8},"end":{"line":262,"column":null}},"71":{"start":{"line":250,"column":4},"end":{"line":250,"column":null}},"72":{"start":{"line":251,"column":4},"end":{"line":261,"column":null}},"73":{"start":{"line":252,"column":21},"end":{"line":252,"column":null}},"74":{"start":{"line":253,"column":6},"end":{"line":253,"column":null}},"75":{"start":{"line":254,"column":6},"end":{"line":254,"column":null}},"76":{"start":{"line":255,"column":6},"end":{"line":255,"column":null}},"77":{"start":{"line":257,"column":6},"end":{"line":257,"column":null}},"78":{"start":{"line":258,"column":6},"end":{"line":258,"column":null}},"79":{"start":{"line":260,"column":6},"end":{"line":260,"column":null}},"80":{"start":{"line":264,"column":8},"end":{"line":277,"column":null}},"81":{"start":{"line":265,"column":4},"end":{"line":265,"column":null}},"82":{"start":{"line":266,"column":4},"end":{"line":276,"column":null}},"83":{"start":{"line":267,"column":21},"end":{"line":267,"column":null}},"84":{"start":{"line":268,"column":6},"end":{"line":268,"column":null}},"85":{"start":{"line":269,"column":6},"end":{"line":269,"column":null}},"86":{"start":{"line":270,"column":6},"end":{"line":270,"column":null}},"87":{"start":{"line":272,"column":6},"end":{"line":272,"column":null}},"88":{"start":{"line":273,"column":6},"end":{"line":273,"column":null}},"89":{"start":{"line":275,"column":6},"end":{"line":275,"column":null}},"90":{"start":{"line":279,"column":8},"end":{"line":281,"column":null}},"91":{"start":{"line":280,"column":4},"end":{"line":280,"column":null}},"92":{"start":{"line":283,"column":8},"end":{"line":285,"column":null}},"93":{"start":{"line":284,"column":4},"end":{"line":284,"column":null}},"94":{"start":{"line":288,"column":8},"end":{"line":303,"column":null}},"95":{"start":{"line":289,"column":4},"end":{"line":289,"column":null}},"96":{"start":{"line":290,"column":4},"end":{"line":302,"column":null}},"97":{"start":{"line":291,"column":21},"end":{"line":291,"column":null}},"98":{"start":{"line":292,"column":6},"end":{"line":292,"column":null}},"99":{"start":{"line":293,"column":6},"end":{"line":293,"column":null}},"100":{"start":{"line":294,"column":6},"end":{"line":294,"column":null}},"101":{"start":{"line":295,"column":6},"end":{"line":295,"column":null}},"102":{"start":{"line":296,"column":6},"end":{"line":296,"column":null}},"103":{"start":{"line":298,"column":6},"end":{"line":298,"column":null}},"104":{"start":{"line":299,"column":6},"end":{"line":299,"column":null}},"105":{"start":{"line":301,"column":6},"end":{"line":301,"column":null}},"106":{"start":{"line":305,"column":8},"end":{"line":320,"column":null}},"107":{"start":{"line":306,"column":4},"end":{"line":306,"column":null}},"108":{"start":{"line":307,"column":4},"end":{"line":319,"column":null}},"109":{"start":{"line":308,"column":21},"end":{"line":308,"column":null}},"110":{"start":{"line":309,"column":6},"end":{"line":309,"column":null}},"111":{"start":{"line":310,"column":6},"end":{"line":310,"column":null}},"112":{"start":{"line":311,"column":6},"end":{"line":311,"column":null}},"113":{"start":{"line":312,"column":6},"end":{"line":312,"column":null}},"114":{"start":{"line":313,"column":6},"end":{"line":313,"column":null}},"115":{"start":{"line":315,"column":6},"end":{"line":315,"column":null}},"116":{"start":{"line":316,"column":6},"end":{"line":316,"column":null}},"117":{"start":{"line":318,"column":6},"end":{"line":318,"column":null}},"118":{"start":{"line":322,"column":8},"end":{"line":334,"column":null}},"119":{"start":{"line":323,"column":4},"end":{"line":323,"column":null}},"120":{"start":{"line":324,"column":4},"end":{"line":333,"column":null}},"121":{"start":{"line":325,"column":21},"end":{"line":325,"column":null}},"122":{"start":{"line":326,"column":6},"end":{"line":326,"column":null}},"123":{"start":{"line":327,"column":6},"end":{"line":327,"column":null}},"124":{"start":{"line":329,"column":6},"end":{"line":329,"column":null}},"125":{"start":{"line":330,"column":6},"end":{"line":330,"column":null}},"126":{"start":{"line":332,"column":6},"end":{"line":332,"column":null}},"127":{"start":{"line":336,"column":8},"end":{"line":338,"column":null}},"128":{"start":{"line":337,"column":4},"end":{"line":337,"column":null}},"129":{"start":{"line":341,"column":8},"end":{"line":345,"column":null}},"130":{"start":{"line":342,"column":24},"end":{"line":342,"column":null}},"131":{"start":{"line":343,"column":4},"end":{"line":343,"column":null}},"132":{"start":{"line":344,"column":4},"end":{"line":344,"column":null}},"133":{"start":{"line":347,"column":8},"end":{"line":351,"column":null}},"134":{"start":{"line":348,"column":21},"end":{"line":348,"column":null}},"135":{"start":{"line":349,"column":4},"end":{"line":349,"column":null}},"136":{"start":{"line":350,"column":4},"end":{"line":350,"column":null}},"137":{"start":{"line":353,"column":8},"end":{"line":357,"column":null}},"138":{"start":{"line":354,"column":19},"end":{"line":354,"column":null}},"139":{"start":{"line":355,"column":4},"end":{"line":355,"column":null}},"140":{"start":{"line":356,"column":4},"end":{"line":356,"column":null}},"141":{"start":{"line":360,"column":8},"end":{"line":364,"column":null}},"142":{"start":{"line":361,"column":20},"end":{"line":361,"column":null}},"143":{"start":{"line":362,"column":4},"end":{"line":362,"column":null}},"144":{"start":{"line":363,"column":4},"end":{"line":363,"column":null}},"145":{"start":{"line":367,"column":8},"end":{"line":369,"column":null}},"146":{"start":{"line":368,"column":4},"end":{"line":368,"column":null}},"147":{"start":{"line":371,"column":8},"end":{"line":378,"column":null}},"148":{"start":{"line":372,"column":19},"end":{"line":372,"column":null}},"149":{"start":{"line":373,"column":4},"end":{"line":376,"column":null}},"150":{"start":{"line":374,"column":6},"end":{"line":374,"column":null}},"151":{"start":{"line":375,"column":6},"end":{"line":375,"column":null}},"152":{"start":{"line":377,"column":4},"end":{"line":377,"column":null}},"153":{"start":{"line":380,"column":8},"end":{"line":383,"column":null}},"154":{"start":{"line":381,"column":4},"end":{"line":381,"column":null}},"155":{"start":{"line":382,"column":4},"end":{"line":382,"column":null}},"156":{"start":{"line":385,"column":36},"end":{"line":409,"column":null}},"157":{"start":{"line":411,"column":2},"end":{"line":414,"column":null}},"158":{"start":{"line":420,"column":8},"end":{"line":420,"column":null}},"159":{"start":{"line":421,"column":2},"end":{"line":423,"column":null}},"160":{"start":{"line":422,"column":4},"end":{"line":422,"column":null}},"161":{"start":{"line":424,"column":2},"end":{"line":424,"column":null}}},"fnMap":{"0":{"name":"libraryReducer","decl":{"start":{"line":74,"column":9},"end":{"line":74,"column":24}},"loc":{"start":{"line":74,"column":75},"end":{"line":132,"column":null}},"line":74},"1":{"name":"(anonymous_1)","decl":{"start":{"line":112,"column":52},"end":{"line":112,"column":57}},"loc":{"start":{"line":112,"column":57},"end":{"line":115,"column":11}},"line":112},"2":{"name":"LibraryProvider","decl":{"start":{"line":170,"column":16},"end":{"line":170,"column":32}},"loc":{"start":{"line":170,"column":77},"end":{"line":416,"column":null}},"line":170},"3":{"name":"(anonymous_3)","decl":{"start":{"line":174,"column":12},"end":{"line":174,"column":18}},"loc":{"start":{"line":174,"column":18},"end":{"line":177,"column":5}},"line":174},"4":{"name":"(anonymous_4)","decl":{"start":{"line":180,"column":30},"end":{"line":180,"column":37}},"loc":{"start":{"line":180,"column":108},"end":{"line":193,"column":5}},"line":180},"5":{"name":"(anonymous_5)","decl":{"start":{"line":195,"column":33},"end":{"line":195,"column":40}},"loc":{"start":{"line":195,"column":79},"end":{"line":208,"column":5}},"line":195},"6":{"name":"(anonymous_6)","decl":{"start":{"line":210,"column":33},"end":{"line":210,"column":40}},"loc":{"start":{"line":210,"column":55},"end":{"line":223,"column":5}},"line":210},"7":{"name":"(anonymous_7)","decl":{"start":{"line":225,"column":34},"end":{"line":225,"column":35}},"loc":{"start":{"line":225,"column":106},"end":{"line":227,"column":5}},"line":225},"8":{"name":"(anonymous_8)","decl":{"start":{"line":229,"column":39},"end":{"line":229,"column":40}},"loc":{"start":{"line":229,"column":60},"end":{"line":231,"column":5}},"line":229},"9":{"name":"(anonymous_9)","decl":{"start":{"line":234,"column":32},"end":{"line":234,"column":39}},"loc":{"start":{"line":234,"column":121},"end":{"line":247,"column":5}},"line":234},"10":{"name":"(anonymous_10)","decl":{"start":{"line":249,"column":35},"end":{"line":249,"column":42}},"loc":{"start":{"line":249,"column":83},"end":{"line":262,"column":5}},"line":249},"11":{"name":"(anonymous_11)","decl":{"start":{"line":264,"column":35},"end":{"line":264,"column":42}},"loc":{"start":{"line":264,"column":57},"end":{"line":277,"column":5}},"line":264},"12":{"name":"(anonymous_12)","decl":{"start":{"line":279,"column":36},"end":{"line":279,"column":37}},"loc":{"start":{"line":279,"column":87},"end":{"line":281,"column":5}},"line":279},"13":{"name":"(anonymous_13)","decl":{"start":{"line":283,"column":44},"end":{"line":283,"column":45}},"loc":{"start":{"line":283,"column":68},"end":{"line":285,"column":5}},"line":283},"14":{"name":"(anonymous_14)","decl":{"start":{"line":288,"column":33},"end":{"line":288,"column":40}},"loc":{"start":{"line":288,"column":107},"end":{"line":303,"column":5}},"line":288},"15":{"name":"(anonymous_15)","decl":{"start":{"line":305,"column":33},"end":{"line":305,"column":40}},"loc":{"start":{"line":305,"column":133},"end":{"line":320,"column":5}},"line":305},"16":{"name":"(anonymous_16)","decl":{"start":{"line":322,"column":32},"end":{"line":322,"column":39}},"loc":{"start":{"line":322,"column":90},"end":{"line":334,"column":5}},"line":322},"17":{"name":"(anonymous_17)","decl":{"start":{"line":336,"column":40},"end":{"line":336,"column":46}},"loc":{"start":{"line":336,"column":46},"end":{"line":338,"column":5}},"line":336},"18":{"name":"(anonymous_18)","decl":{"start":{"line":341,"column":34},"end":{"line":341,"column":41}},"loc":{"start":{"line":341,"column":108},"end":{"line":345,"column":5}},"line":341},"19":{"name":"(anonymous_19)","decl":{"start":{"line":347,"column":37},"end":{"line":347,"column":44}},"loc":{"start":{"line":347,"column":91},"end":{"line":351,"column":5}},"line":347},"20":{"name":"(anonymous_20)","decl":{"start":{"line":353,"column":37},"end":{"line":353,"column":44}},"loc":{"start":{"line":353,"column":59},"end":{"line":357,"column":5}},"line":353},"21":{"name":"(anonymous_21)","decl":{"start":{"line":360,"column":37},"end":{"line":360,"column":44}},"loc":{"start":{"line":360,"column":82},"end":{"line":364,"column":5}},"line":360},"22":{"name":"(anonymous_22)","decl":{"start":{"line":367,"column":33},"end":{"line":367,"column":39}},"loc":{"start":{"line":367,"column":39},"end":{"line":369,"column":5}},"line":367},"23":{"name":"(anonymous_23)","decl":{"start":{"line":371,"column":33},"end":{"line":371,"column":34}},"loc":{"start":{"line":371,"column":51},"end":{"line":378,"column":5}},"line":371},"24":{"name":"(anonymous_24)","decl":{"start":{"line":380,"column":34},"end":{"line":380,"column":40}},"loc":{"start":{"line":380,"column":40},"end":{"line":383,"column":5}},"line":380},"25":{"name":"useLibrary","decl":{"start":{"line":419,"column":16},"end":{"line":419,"column":29}},"loc":{"start":{"line":419,"column":29},"end":{"line":425,"column":null}},"line":419}},"branchMap":{"0":{"loc":{"start":{"line":75,"column":2},"end":{"line":131,"column":null}},"type":"switch","locations":[{"start":{"line":76,"column":4},"end":{"line":77,"column":null}},{"start":{"line":78,"column":4},"end":{"line":79,"column":null}},{"start":{"line":80,"column":4},"end":{"line":81,"column":null}},{"start":{"line":82,"column":4},"end":{"line":83,"column":null}},{"start":{"line":84,"column":4},"end":{"line":85,"column":null}},{"start":{"line":86,"column":4},"end":{"line":87,"column":null}},{"start":{"line":88,"column":4},"end":{"line":89,"column":null}},{"start":{"line":90,"column":4},"end":{"line":91,"column":null}},{"start":{"line":92,"column":4},"end":{"line":118,"column":null}},{"start":{"line":119,"column":4},"end":{"line":128,"column":null}},{"start":{"line":129,"column":4},"end":{"line":130,"column":null}}],"line":75},"1":{"loc":{"start":{"line":114,"column":19},"end":{"line":114,"column":null}},"type":"binary-expr","locations":[{"start":{"line":114,"column":19},"end":{"line":114,"column":49}},{"start":{"line":114,"column":49},"end":{"line":114,"column":null}}],"line":114},"2":{"loc":{"start":{"line":188,"column":45},"end":{"line":188,"column":93}},"type":"cond-expr","locations":[{"start":{"line":188,"column":70},"end":{"line":188,"column":86}},{"start":{"line":188,"column":86},"end":{"line":188,"column":93}}],"line":188},"3":{"loc":{"start":{"line":203,"column":45},"end":{"line":203,"column":93}},"type":"cond-expr","locations":[{"start":{"line":203,"column":70},"end":{"line":203,"column":86}},{"start":{"line":203,"column":86},"end":{"line":203,"column":93}}],"line":203},"4":{"loc":{"start":{"line":218,"column":45},"end":{"line":218,"column":93}},"type":"cond-expr","locations":[{"start":{"line":218,"column":70},"end":{"line":218,"column":86}},{"start":{"line":218,"column":86},"end":{"line":218,"column":93}}],"line":218},"5":{"loc":{"start":{"line":242,"column":45},"end":{"line":242,"column":93}},"type":"cond-expr","locations":[{"start":{"line":242,"column":70},"end":{"line":242,"column":86}},{"start":{"line":242,"column":86},"end":{"line":242,"column":93}}],"line":242},"6":{"loc":{"start":{"line":257,"column":45},"end":{"line":257,"column":93}},"type":"cond-expr","locations":[{"start":{"line":257,"column":70},"end":{"line":257,"column":86}},{"start":{"line":257,"column":86},"end":{"line":257,"column":93}}],"line":257},"7":{"loc":{"start":{"line":272,"column":45},"end":{"line":272,"column":93}},"type":"cond-expr","locations":[{"start":{"line":272,"column":70},"end":{"line":272,"column":86}},{"start":{"line":272,"column":86},"end":{"line":272,"column":93}}],"line":272},"8":{"loc":{"start":{"line":298,"column":45},"end":{"line":298,"column":93}},"type":"cond-expr","locations":[{"start":{"line":298,"column":70},"end":{"line":298,"column":86}},{"start":{"line":298,"column":86},"end":{"line":298,"column":93}}],"line":298},"9":{"loc":{"start":{"line":315,"column":45},"end":{"line":315,"column":93}},"type":"cond-expr","locations":[{"start":{"line":315,"column":70},"end":{"line":315,"column":86}},{"start":{"line":315,"column":86},"end":{"line":315,"column":93}}],"line":315},"10":{"loc":{"start":{"line":329,"column":45},"end":{"line":329,"column":93}},"type":"cond-expr","locations":[{"start":{"line":329,"column":70},"end":{"line":329,"column":86}},{"start":{"line":329,"column":86},"end":{"line":329,"column":93}}],"line":329},"11":{"loc":{"start":{"line":373,"column":4},"end":{"line":376,"column":null}},"type":"if","locations":[{"start":{"line":373,"column":4},"end":{"line":376,"column":null}},{"start":{},"end":{}}],"line":373},"12":{"loc":{"start":{"line":421,"column":2},"end":{"line":423,"column":null}},"type":"if","locations":[{"start":{"line":421,"column":2},"end":{"line":423,"column":null}},{"start":{},"end":{}}],"line":421}},"s":{"0":2,"1":103,"2":32,"3":0,"4":13,"5":6,"6":0,"7":3,"8":0,"9":1,"10":32,"11":32,"12":32,"13":32,"14":32,"15":32,"16":32,"17":6,"18":6,"19":16,"20":0,"21":2,"22":44,"23":44,"24":15,"25":15,"26":44,"27":8,"28":8,"29":8,"30":8,"31":8,"32":8,"33":0,"34":0,"35":8,"36":44,"37":1,"38":1,"39":1,"40":1,"41":1,"42":1,"43":0,"44":0,"45":1,"46":44,"47":1,"48":1,"49":1,"50":1,"51":1,"52":1,"53":0,"54":0,"55":1,"56":44,"57":1,"58":44,"59":0,"60":44,"61":3,"62":3,"63":3,"64":3,"65":3,"66":3,"67":0,"68":0,"69":3,"70":44,"71":0,"72":0,"73":0,"74":0,"75":0,"76":0,"77":0,"78":0,"79":0,"80":44,"81":0,"82":0,"83":0,"84":0,"85":0,"86":0,"87":0,"88":0,"89":0,"90":44,"91":0,"92":44,"93":0,"94":44,"95":2,"96":2,"97":2,"98":2,"99":2,"100":2,"101":2,"102":2,"103":0,"104":0,"105":2,"106":44,"107":1,"108":1,"109":1,"110":1,"111":1,"112":1,"113":1,"114":1,"115":0,"116":0,"117":1,"118":44,"119":0,"120":0,"121":0,"122":0,"123":0,"124":0,"125":0,"126":0,"127":44,"128":0,"129":44,"130":0,"131":0,"132":0,"133":44,"134":0,"135":0,"136":0,"137":44,"138":0,"139":0,"140":0,"141":44,"142":1,"143":1,"144":1,"145":44,"146":1,"147":44,"148":1,"149":1,"150":1,"151":1,"152":1,"153":44,"154":0,"155":0,"156":44,"157":44,"158":46,"159":46,"160":2,"161":44},"f":{"0":103,"1":6,"2":44,"3":15,"4":8,"5":1,"6":1,"7":1,"8":0,"9":3,"10":0,"11":0,"12":0,"13":0,"14":2,"15":1,"16":0,"17":0,"18":0,"19":0,"20":0,"21":1,"22":1,"23":1,"24":0,"25":46},"b":{"0":[32,0,13,6,0,3,0,1,32,16,0],"1":[6,6],"2":[0,0],"3":[0,0],"4":[0,0],"5":[0,0],"6":[0,0],"7":[0,0],"8":[0,0],"9":[0,0],"10":[0,0],"11":[1,0],"12":[2,44]},"meta":{"lastBranch":13,"lastFunction":26,"lastStatement":162,"seen":{"s:38:35:58:Infinity":0,"f:74:9:74:24":0,"b:76:4:77:Infinity:78:4:79:Infinity:80:4:81:Infinity:82:4:83:Infinity:84:4:85:Infinity:86:4:87:Infinity:88:4:89:Infinity:90:4:91:Infinity:92:4:118:Infinity:119:4:128:Infinity:129:4:130:Infinity":0,"s:75:2:131:Infinity":1,"s:77:6:77:Infinity":2,"s:79:6:79:Infinity":3,"s:81:6:81:Infinity":4,"s:83:6:83:Infinity":5,"s:85:6:85:Infinity":6,"s:87:6:87:Infinity":7,"s:89:6:89:Infinity":8,"s:91:6:91:Infinity":9,"s:93:24:93:Infinity":10,"s:94:26:94:Infinity":11,"s:95:26:95:Infinity":12,"s:97:18:97:Infinity":13,"s:98:24:98:Infinity":14,"s:99:23:99:Infinity":15,"s:101:6:117:Infinity":16,"f:112:52:112:57":1,"s:113:22:113:Infinity":17,"s:114:12:114:Infinity":18,"b:114:19:114:49:114:49:114:Infinity":1,"s:120:6:128:Infinity":19,"s:130:6:130:Infinity":20,"s:167:6:167:Infinity":21,"f:170:16:170:32":2,"s:171:24:171:Infinity":22,"s:174:2:177:Infinity":23,"f:174:12:174:18":3,"s:175:4:175:Infinity":24,"s:176:4:176:Infinity":25,"s:180:8:193:Infinity":26,"f:180:30:180:37":4,"s:181:4:181:Infinity":27,"s:182:4:192:Infinity":28,"s:183:22:183:Infinity":29,"s:184:6:184:Infinity":30,"s:185:6:185:Infinity":31,"s:186:6:186:Infinity":32,"s:188:6:188:Infinity":33,"b:188:70:188:86:188:86:188:93":2,"s:189:6:189:Infinity":34,"s:191:6:191:Infinity":35,"s:195:8:208:Infinity":36,"f:195:33:195:40":5,"s:196:4:196:Infinity":37,"s:197:4:207:Infinity":38,"s:198:19:198:Infinity":39,"s:199:6:199:Infinity":40,"s:200:6:200:Infinity":41,"s:201:6:201:Infinity":42,"s:203:6:203:Infinity":43,"b:203:70:203:86:203:86:203:93":3,"s:204:6:204:Infinity":44,"s:206:6:206:Infinity":45,"s:210:8:223:Infinity":46,"f:210:33:210:40":6,"s:211:4:211:Infinity":47,"s:212:4:222:Infinity":48,"s:213:21:213:Infinity":49,"s:214:6:214:Infinity":50,"s:215:6:215:Infinity":51,"s:216:6:216:Infinity":52,"s:218:6:218:Infinity":53,"b:218:70:218:86:218:86:218:93":4,"s:219:6:219:Infinity":54,"s:221:6:221:Infinity":55,"s:225:8:227:Infinity":56,"f:225:34:225:35":7,"s:226:4:226:Infinity":57,"s:229:8:231:Infinity":58,"f:229:39:229:40":8,"s:230:4:230:Infinity":59,"s:234:8:247:Infinity":60,"f:234:32:234:39":9,"s:235:4:235:Infinity":61,"s:236:4:246:Infinity":62,"s:237:24:237:Infinity":63,"s:238:6:238:Infinity":64,"s:239:6:239:Infinity":65,"s:240:6:240:Infinity":66,"s:242:6:242:Infinity":67,"b:242:70:242:86:242:86:242:93":5,"s:243:6:243:Infinity":68,"s:245:6:245:Infinity":69,"s:249:8:262:Infinity":70,"f:249:35:249:42":10,"s:250:4:250:Infinity":71,"s:251:4:261:Infinity":72,"s:252:21:252:Infinity":73,"s:253:6:253:Infinity":74,"s:254:6:254:Infinity":75,"s:255:6:255:Infinity":76,"s:257:6:257:Infinity":77,"b:257:70:257:86:257:86:257:93":6,"s:258:6:258:Infinity":78,"s:260:6:260:Infinity":79,"s:264:8:277:Infinity":80,"f:264:35:264:42":11,"s:265:4:265:Infinity":81,"s:266:4:276:Infinity":82,"s:267:21:267:Infinity":83,"s:268:6:268:Infinity":84,"s:269:6:269:Infinity":85,"s:270:6:270:Infinity":86,"s:272:6:272:Infinity":87,"b:272:70:272:86:272:86:272:93":7,"s:273:6:273:Infinity":88,"s:275:6:275:Infinity":89,"s:279:8:281:Infinity":90,"f:279:36:279:37":12,"s:280:4:280:Infinity":91,"s:283:8:285:Infinity":92,"f:283:44:283:45":13,"s:284:4:284:Infinity":93,"s:288:8:303:Infinity":94,"f:288:33:288:40":14,"s:289:4:289:Infinity":95,"s:290:4:302:Infinity":96,"s:291:21:291:Infinity":97,"s:292:6:292:Infinity":98,"s:293:6:293:Infinity":99,"s:294:6:294:Infinity":100,"s:295:6:295:Infinity":101,"s:296:6:296:Infinity":102,"s:298:6:298:Infinity":103,"b:298:70:298:86:298:86:298:93":8,"s:299:6:299:Infinity":104,"s:301:6:301:Infinity":105,"s:305:8:320:Infinity":106,"f:305:33:305:40":15,"s:306:4:306:Infinity":107,"s:307:4:319:Infinity":108,"s:308:21:308:Infinity":109,"s:309:6:309:Infinity":110,"s:310:6:310:Infinity":111,"s:311:6:311:Infinity":112,"s:312:6:312:Infinity":113,"s:313:6:313:Infinity":114,"s:315:6:315:Infinity":115,"b:315:70:315:86:315:86:315:93":9,"s:316:6:316:Infinity":116,"s:318:6:318:Infinity":117,"s:322:8:334:Infinity":118,"f:322:32:322:39":16,"s:323:4:323:Infinity":119,"s:324:4:333:Infinity":120,"s:325:21:325:Infinity":121,"s:326:6:326:Infinity":122,"s:327:6:327:Infinity":123,"s:329:6:329:Infinity":124,"b:329:70:329:86:329:86:329:93":10,"s:330:6:330:Infinity":125,"s:332:6:332:Infinity":126,"s:336:8:338:Infinity":127,"f:336:40:336:46":17,"s:337:4:337:Infinity":128,"s:341:8:345:Infinity":129,"f:341:34:341:41":18,"s:342:24:342:Infinity":130,"s:343:4:343:Infinity":131,"s:344:4:344:Infinity":132,"s:347:8:351:Infinity":133,"f:347:37:347:44":19,"s:348:21:348:Infinity":134,"s:349:4:349:Infinity":135,"s:350:4:350:Infinity":136,"s:353:8:357:Infinity":137,"f:353:37:353:44":20,"s:354:19:354:Infinity":138,"s:355:4:355:Infinity":139,"s:356:4:356:Infinity":140,"s:360:8:364:Infinity":141,"f:360:37:360:44":21,"s:361:20:361:Infinity":142,"s:362:4:362:Infinity":143,"s:363:4:363:Infinity":144,"s:367:8:369:Infinity":145,"f:367:33:367:39":22,"s:368:4:368:Infinity":146,"s:371:8:378:Infinity":147,"f:371:33:371:34":23,"s:372:19:372:Infinity":148,"b:373:4:376:Infinity:undefined:undefined:undefined:undefined":11,"s:373:4:376:Infinity":149,"s:374:6:374:Infinity":150,"s:375:6:375:Infinity":151,"s:377:4:377:Infinity":152,"s:380:8:383:Infinity":153,"f:380:34:380:40":24,"s:381:4:381:Infinity":154,"s:382:4:382:Infinity":155,"s:385:36:409:Infinity":156,"s:411:2:414:Infinity":157,"f:419:16:419:29":25,"s:420:8:420:Infinity":158,"b:421:2:423:Infinity:undefined:undefined:undefined:undefined":12,"s:421:2:423:Infinity":159,"s:422:4:422:Infinity":160,"s:424:2:424:Infinity":161}}}
,"D:\\Projects\\kimi\\LibraHub\\app\\src\\lib\\utils.ts": {"path":"D:\\Projects\\kimi\\LibraHub\\app\\src\\lib\\utils.ts","statementMap":{"0":{"start":{"line":5,"column":2},"end":{"line":5,"column":null}}},"fnMap":{"0":{"name":"cn","decl":{"start":{"line":4,"column":16},"end":{"line":4,"column":22}},"loc":{"start":{"line":4,"column":44},"end":{"line":6,"column":null}},"line":4}},"branchMap":{},"s":{"0":192},"f":{"0":192},"b":{},"meta":{"lastBranch":0,"lastFunction":1,"lastStatement":1,"seen":{"f:4:16:4:22":0,"s:5:2:5:Infinity":0}}}
,"D:\\Projects\\kimi\\LibraHub\\app\\src\\sections\\DashboardOverview.tsx": {"path":"D:\\Projects\\kimi\\LibraHub\\app\\src\\sections\\DashboardOverview.tsx","statementMap":{"0":{"start":{"line":16,"column":16},"end":{"line":16,"column":null}},"1":{"start":{"line":17,"column":25},"end":{"line":17,"column":null}},"2":{"start":{"line":20,"column":20},"end":{"line":54,"column":null}},"3":{"start":{"line":57,"column":21},"end":{"line":61,"column":null}},"4":{"start":{"line":63,"column":2},"end":{"line":160,"column":null}},"5":{"start":{"line":68,"column":10},"end":{"line":83,"column":null}},"6":{"start":{"line":97,"column":16},"end":{"line":101,"column":null}}},"fnMap":{"0":{"name":"DashboardOverview","decl":{"start":{"line":15,"column":24},"end":{"line":15,"column":44}},"loc":{"start":{"line":15,"column":44},"end":{"line":162,"column":null}},"line":15},"1":{"name":"(anonymous_1)","decl":{"start":{"line":67,"column":23},"end":{"line":67,"column":24}},"loc":{"start":{"line":68,"column":10},"end":{"line":83,"column":null}},"line":68},"2":{"name":"(anonymous_2)","decl":{"start":{"line":96,"column":30},"end":{"line":96,"column":31}},"loc":{"start":{"line":97,"column":16},"end":{"line":101,"column":null}},"line":97}},"branchMap":{"0":{"loc":{"start":{"line":74,"column":19},"end":{"line":75,"column":null}},"type":"binary-expr","locations":[{"start":{"line":74,"column":19},"end":{"line":74,"column":null}},{"start":{"line":75,"column":20},"end":{"line":75,"column":null}}],"line":74}},"s":{"0":10,"1":10,"2":10,"3":10,"4":10,"5":40,"6":30},"f":{"0":10,"1":40,"2":30},"b":{"0":[40,10]},"meta":{"lastBranch":1,"lastFunction":3,"lastStatement":7,"seen":{"f:15:24:15:44":0,"s:16:16:16:Infinity":0,"s:17:25:17:Infinity":1,"s:20:20:54:Infinity":2,"s:57:21:61:Infinity":3,"s:63:2:160:Infinity":4,"f:67:23:67:24":1,"s:68:10:83:Infinity":5,"b:74:19:74:Infinity:75:20:75:Infinity":0,"f:96:30:96:31":2,"s:97:16:101:Infinity":6}}}
,"D:\\Projects\\kimi\\LibraHub\\app\\src\\services\\storage.ts": {"path":"D:\\Projects\\kimi\\LibraHub\\app\\src\\services\\storage.ts","statementMap":{"0":{"start":{"line":17,"column":21},"end":{"line":27,"column":null}},"1":{"start":{"line":33,"column":4},"end":{"line":39,"column":null}},"2":{"start":{"line":34,"column":19},"end":{"line":34,"column":null}},"3":{"start":{"line":35,"column":6},"end":{"line":35,"column":null}},"4":{"start":{"line":37,"column":6},"end":{"line":37,"column":null}},"5":{"start":{"line":38,"column":6},"end":{"line":38,"column":null}},"6":{"start":{"line":44,"column":4},"end":{"line":49,"column":null}},"7":{"start":{"line":45,"column":6},"end":{"line":45,"column":null}},"8":{"start":{"line":47,"column":6},"end":{"line":47,"column":null}},"9":{"start":{"line":48,"column":6},"end":{"line":48,"column":null}},"10":{"start":{"line":54,"column":4},"end":{"line":54,"column":null}},"11":{"start":{"line":59,"column":17},"end":{"line":70,"column":null}},"12":{"start":{"line":71,"column":4},"end":{"line":71,"column":null}},"13":{"start":{"line":76,"column":4},"end":{"line":90,"column":null}},"14":{"start":{"line":77,"column":19},"end":{"line":77,"column":null}},"15":{"start":{"line":78,"column":6},"end":{"line":78,"column":null}},"16":{"start":{"line":78,"column":22},"end":{"line":78,"column":null}},"17":{"start":{"line":79,"column":6},"end":{"line":79,"column":null}},"18":{"start":{"line":79,"column":24},"end":{"line":79,"column":null}},"19":{"start":{"line":80,"column":6},"end":{"line":80,"column":null}},"20":{"start":{"line":80,"column":28},"end":{"line":80,"column":null}},"21":{"start":{"line":81,"column":6},"end":{"line":81,"column":null}},"22":{"start":{"line":81,"column":30},"end":{"line":81,"column":null}},"23":{"start":{"line":82,"column":6},"end":{"line":82,"column":null}},"24":{"start":{"line":82,"column":29},"end":{"line":82,"column":null}},"25":{"start":{"line":83,"column":6},"end":{"line":83,"column":null}},"26":{"start":{"line":83,"column":27},"end":{"line":83,"column":null}},"27":{"start":{"line":84,"column":6},"end":{"line":84,"column":null}},"28":{"start":{"line":84,"column":21},"end":{"line":84,"column":null}},"29":{"start":{"line":85,"column":6},"end":{"line":85,"column":null}},"30":{"start":{"line":85,"column":25},"end":{"line":85,"column":null}},"31":{"start":{"line":86,"column":6},"end":{"line":86,"column":null}},"32":{"start":{"line":88,"column":6},"end":{"line":88,"column":null}},"33":{"start":{"line":89,"column":6},"end":{"line":89,"column":null}},"34":{"start":{"line":95,"column":4},"end":{"line":95,"column":null}},"35":{"start":{"line":95,"column":47},"end":{"line":95,"column":75}},"36":{"start":{"line":103,"column":4},"end":{"line":103,"column":null}},"37":{"start":{"line":108,"column":18},"end":{"line":108,"column":null}},"38":{"start":{"line":109,"column":4},"end":{"line":109,"column":null}},"39":{"start":{"line":109,"column":27},"end":{"line":109,"column":38}},"40":{"start":{"line":114,"column":18},"end":{"line":114,"column":null}},"41":{"start":{"line":115,"column":4},"end":{"line":115,"column":null}},"42":{"start":{"line":115,"column":27},"end":{"line":115,"column":48}},"43":{"start":{"line":126,"column":16},"end":{"line":126,"column":null}},"44":{"start":{"line":128,"column":4},"end":{"line":136,"column":null}},"45":{"start":{"line":129,"column":17},"end":{"line":129,"column":null}},"46":{"start":{"line":130,"column":6},"end":{"line":135,"column":null}},"47":{"start":{"line":131,"column":8},"end":{"line":134,"column":null}},"48":{"start":{"line":138,"column":4},"end":{"line":140,"column":null}},"49":{"start":{"line":139,"column":6},"end":{"line":139,"column":null}},"50":{"start":{"line":139,"column":32},"end":{"line":139,"column":66}},"51":{"start":{"line":142,"column":4},"end":{"line":144,"column":null}},"52":{"start":{"line":143,"column":6},"end":{"line":143,"column":null}},"53":{"start":{"line":143,"column":32},"end":{"line":143,"column":58}},"54":{"start":{"line":146,"column":4},"end":{"line":148,"column":null}},"55":{"start":{"line":147,"column":6},"end":{"line":147,"column":null}},"56":{"start":{"line":147,"column":32},"end":{"line":147,"column":65}},"57":{"start":{"line":150,"column":4},"end":{"line":152,"column":null}},"58":{"start":{"line":151,"column":6},"end":{"line":151,"column":null}},"59":{"start":{"line":151,"column":32},"end":{"line":151,"column":71}},"60":{"start":{"line":154,"column":4},"end":{"line":154,"column":null}},"61":{"start":{"line":159,"column":18},"end":{"line":159,"column":null}},"62":{"start":{"line":162,"column":4},"end":{"line":164,"column":null}},"63":{"start":{"line":162,"column":24},"end":{"line":162,"column":50}},"64":{"start":{"line":163,"column":6},"end":{"line":163,"column":null}},"65":{"start":{"line":166,"column":26},"end":{"line":172,"column":null}},"66":{"start":{"line":174,"column":4},"end":{"line":174,"column":null}},"67":{"start":{"line":175,"column":4},"end":{"line":175,"column":null}},"68":{"start":{"line":178,"column":4},"end":{"line":178,"column":null}},"69":{"start":{"line":180,"column":4},"end":{"line":180,"column":null}},"70":{"start":{"line":185,"column":18},"end":{"line":185,"column":null}},"71":{"start":{"line":186,"column":18},"end":{"line":186,"column":null}},"72":{"start":{"line":186,"column":39},"end":{"line":186,"column":50}},"73":{"start":{"line":188,"column":4},"end":{"line":188,"column":null}},"74":{"start":{"line":188,"column":22},"end":{"line":188,"column":null}},"75":{"start":{"line":191,"column":4},"end":{"line":195,"column":null}},"76":{"start":{"line":192,"column":6},"end":{"line":194,"column":null}},"77":{"start":{"line":192,"column":26},"end":{"line":192,"column":70}},"78":{"start":{"line":193,"column":8},"end":{"line":193,"column":null}},"79":{"start":{"line":197,"column":4},"end":{"line":201,"column":null}},"80":{"start":{"line":203,"column":4},"end":{"line":203,"column":null}},"81":{"start":{"line":205,"column":4},"end":{"line":205,"column":null}},"82":{"start":{"line":207,"column":4},"end":{"line":207,"column":null}},"83":{"start":{"line":212,"column":18},"end":{"line":212,"column":null}},"84":{"start":{"line":213,"column":17},"end":{"line":213,"column":null}},"85":{"start":{"line":213,"column":33},"end":{"line":213,"column":44}},"86":{"start":{"line":215,"column":4},"end":{"line":215,"column":null}},"87":{"start":{"line":215,"column":15},"end":{"line":215,"column":null}},"88":{"start":{"line":218,"column":26},"end":{"line":218,"column":null}},"89":{"start":{"line":219,"column":4},"end":{"line":221,"column":null}},"90":{"start":{"line":219,"column":32},"end":{"line":219,"column":74}},"91":{"start":{"line":220,"column":6},"end":{"line":220,"column":null}},"92":{"start":{"line":223,"column":21},"end":{"line":223,"column":null}},"93":{"start":{"line":223,"column":39},"end":{"line":223,"column":50}},"94":{"start":{"line":224,"column":4},"end":{"line":224,"column":null}},"95":{"start":{"line":226,"column":4},"end":{"line":226,"column":null}},"96":{"start":{"line":228,"column":4},"end":{"line":228,"column":null}},"97":{"start":{"line":233,"column":18},"end":{"line":233,"column":null}},"98":{"start":{"line":234,"column":4},"end":{"line":240,"column":null}},"99":{"start":{"line":236,"column":35},"end":{"line":236,"column":59}},"100":{"start":{"line":237,"column":34},"end":{"line":237,"column":57}},"101":{"start":{"line":238,"column":33},"end":{"line":238,"column":55}},"102":{"start":{"line":239,"column":30},"end":{"line":239,"column":49}},"103":{"start":{"line":247,"column":4},"end":{"line":247,"column":null}},"104":{"start":{"line":251,"column":4},"end":{"line":251,"column":null}},"105":{"start":{"line":251,"column":35},"end":{"line":251,"column":46}},"106":{"start":{"line":255,"column":4},"end":{"line":255,"column":null}},"107":{"start":{"line":255,"column":35},"end":{"line":255,"column":62}},"108":{"start":{"line":263,"column":18},"end":{"line":263,"column":null}},"109":{"start":{"line":265,"column":4},"end":{"line":272,"column":null}},"110":{"start":{"line":266,"column":17},"end":{"line":266,"column":null}},"111":{"start":{"line":267,"column":6},"end":{"line":271,"column":null}},"112":{"start":{"line":268,"column":8},"end":{"line":270,"column":null}},"113":{"start":{"line":274,"column":4},"end":{"line":276,"column":null}},"114":{"start":{"line":275,"column":6},"end":{"line":275,"column":null}},"115":{"start":{"line":275,"column":36},"end":{"line":275,"column":62}},"116":{"start":{"line":278,"column":4},"end":{"line":280,"column":null}},"117":{"start":{"line":279,"column":6},"end":{"line":279,"column":null}},"118":{"start":{"line":279,"column":36},"end":{"line":279,"column":75}},"119":{"start":{"line":282,"column":4},"end":{"line":282,"column":null}},"120":{"start":{"line":286,"column":20},"end":{"line":286,"column":null}},"121":{"start":{"line":288,"column":4},"end":{"line":290,"column":null}},"122":{"start":{"line":288,"column":26},"end":{"line":288,"column":60}},"123":{"start":{"line":289,"column":6},"end":{"line":289,"column":null}},"124":{"start":{"line":292,"column":30},"end":{"line":298,"column":null}},"125":{"start":{"line":300,"column":4},"end":{"line":300,"column":null}},"126":{"start":{"line":301,"column":4},"end":{"line":301,"column":null}},"127":{"start":{"line":303,"column":4},"end":{"line":303,"column":null}},"128":{"start":{"line":305,"column":4},"end":{"line":305,"column":null}},"129":{"start":{"line":309,"column":20},"end":{"line":309,"column":null}},"130":{"start":{"line":310,"column":18},"end":{"line":310,"column":null}},"131":{"start":{"line":310,"column":41},"end":{"line":310,"column":52}},"132":{"start":{"line":312,"column":4},"end":{"line":312,"column":null}},"133":{"start":{"line":312,"column":22},"end":{"line":312,"column":null}},"134":{"start":{"line":314,"column":4},"end":{"line":318,"column":null}},"135":{"start":{"line":315,"column":6},"end":{"line":317,"column":null}},"136":{"start":{"line":315,"column":28},"end":{"line":315,"column":78}},"137":{"start":{"line":316,"column":8},"end":{"line":316,"column":null}},"138":{"start":{"line":320,"column":4},"end":{"line":324,"column":null}},"139":{"start":{"line":326,"column":4},"end":{"line":326,"column":null}},"140":{"start":{"line":328,"column":4},"end":{"line":328,"column":null}},"141":{"start":{"line":330,"column":4},"end":{"line":330,"column":null}},"142":{"start":{"line":334,"column":20},"end":{"line":334,"column":null}},"143":{"start":{"line":335,"column":19},"end":{"line":335,"column":null}},"144":{"start":{"line":335,"column":37},"end":{"line":335,"column":48}},"145":{"start":{"line":337,"column":4},"end":{"line":337,"column":null}},"146":{"start":{"line":337,"column":17},"end":{"line":337,"column":null}},"147":{"start":{"line":340,"column":26},"end":{"line":340,"column":null}},"148":{"start":{"line":341,"column":4},"end":{"line":343,"column":null}},"149":{"start":{"line":341,"column":32},"end":{"line":341,"column":76}},"150":{"start":{"line":342,"column":6},"end":{"line":342,"column":null}},"151":{"start":{"line":345,"column":21},"end":{"line":345,"column":null}},"152":{"start":{"line":345,"column":41},"end":{"line":345,"column":52}},"153":{"start":{"line":346,"column":4},"end":{"line":346,"column":null}},"154":{"start":{"line":348,"column":4},"end":{"line":348,"column":null}},"155":{"start":{"line":350,"column":4},"end":{"line":350,"column":null}},"156":{"start":{"line":354,"column":20},"end":{"line":354,"column":null}},"157":{"start":{"line":355,"column":4},"end":{"line":360,"column":null}},"158":{"start":{"line":357,"column":34},"end":{"line":357,"column":55}},"159":{"start":{"line":358,"column":35},"end":{"line":358,"column":57}},"160":{"start":{"line":359,"column":37},"end":{"line":359,"column":61}},"161":{"start":{"line":367,"column":4},"end":{"line":396,"column":null}},"162":{"start":{"line":400,"column":4},"end":{"line":400,"column":null}},"163":{"start":{"line":400,"column":35},"end":{"line":400,"column":46}},"164":{"start":{"line":404,"column":18},"end":{"line":404,"column":null}},"165":{"start":{"line":405,"column":32},"end":{"line":410,"column":null}},"166":{"start":{"line":411,"column":4},"end":{"line":411,"column":null}},"167":{"start":{"line":412,"column":4},"end":{"line":412,"column":null}},"168":{"start":{"line":413,"column":4},"end":{"line":413,"column":null}},"169":{"start":{"line":417,"column":18},"end":{"line":417,"column":null}},"170":{"start":{"line":418,"column":18},"end":{"line":418,"column":null}},"171":{"start":{"line":418,"column":39},"end":{"line":418,"column":50}},"172":{"start":{"line":419,"column":4},"end":{"line":419,"column":null}},"173":{"start":{"line":419,"column":22},"end":{"line":419,"column":null}},"174":{"start":{"line":421,"column":4},"end":{"line":425,"column":null}},"175":{"start":{"line":426,"column":4},"end":{"line":426,"column":null}},"176":{"start":{"line":427,"column":4},"end":{"line":427,"column":null}},"177":{"start":{"line":431,"column":18},"end":{"line":431,"column":null}},"178":{"start":{"line":432,"column":20},"end":{"line":432,"column":null}},"179":{"start":{"line":435,"column":4},"end":{"line":437,"column":null}},"180":{"start":{"line":435,"column":26},"end":{"line":435,"column":48}},"181":{"start":{"line":436,"column":6},"end":{"line":436,"column":null}},"182":{"start":{"line":439,"column":21},"end":{"line":439,"column":null}},"183":{"start":{"line":439,"column":39},"end":{"line":439,"column":50}},"184":{"start":{"line":440,"column":4},"end":{"line":440,"column":null}},"185":{"start":{"line":441,"column":4},"end":{"line":441,"column":null}},"186":{"start":{"line":448,"column":4},"end":{"line":448,"column":null}},"187":{"start":{"line":452,"column":4},"end":{"line":452,"column":null}},"188":{"start":{"line":452,"column":35},"end":{"line":452,"column":46}},"189":{"start":{"line":456,"column":4},"end":{"line":456,"column":null}},"190":{"start":{"line":456,"column":37},"end":{"line":456,"column":60}},"191":{"start":{"line":460,"column":4},"end":{"line":460,"column":null}},"192":{"start":{"line":460,"column":37},"end":{"line":460,"column":56}},"193":{"start":{"line":464,"column":4},"end":{"line":464,"column":null}},"194":{"start":{"line":464,"column":37},"end":{"line":464,"column":86}},"195":{"start":{"line":468,"column":10},"end":{"line":468,"column":null}},"196":{"start":{"line":469,"column":20},"end":{"line":469,"column":null}},"197":{"start":{"line":470,"column":21},"end":{"line":470,"column":null}},"198":{"start":{"line":473,"column":27},"end":{"line":479,"column":null}},"199":{"start":{"line":474,"column":6},"end":{"line":477,"column":null}},"200":{"start":{"line":475,"column":8},"end":{"line":475,"column":null}},"201":{"start":{"line":476,"column":8},"end":{"line":476,"column":null}},"202":{"start":{"line":478,"column":6},"end":{"line":478,"column":null}},"203":{"start":{"line":482,"column":4},"end":{"line":484,"column":null}},"204":{"start":{"line":483,"column":6},"end":{"line":483,"column":null}},"205":{"start":{"line":486,"column":4},"end":{"line":486,"column":null}},"206":{"start":{"line":486,"column":38},"end":{"line":486,"column":60}},"207":{"start":{"line":496,"column":50},"end":{"line":496,"column":null}},"208":{"start":{"line":498,"column":17},"end":{"line":498,"column":null}},"209":{"start":{"line":499,"column":4},"end":{"line":499,"column":null}},"210":{"start":{"line":499,"column":15},"end":{"line":499,"column":null}},"211":{"start":{"line":500,"column":4},"end":{"line":500,"column":null}},"212":{"start":{"line":500,"column":37},"end":{"line":500,"column":null}},"213":{"start":{"line":501,"column":4},"end":{"line":501,"column":null}},"214":{"start":{"line":501,"column":34},"end":{"line":501,"column":null}},"215":{"start":{"line":503,"column":19},"end":{"line":503,"column":null}},"216":{"start":{"line":504,"column":4},"end":{"line":504,"column":null}},"217":{"start":{"line":504,"column":17},"end":{"line":504,"column":null}},"218":{"start":{"line":505,"column":4},"end":{"line":505,"column":null}},"219":{"start":{"line":505,"column":36},"end":{"line":505,"column":null}},"220":{"start":{"line":506,"column":4},"end":{"line":508,"column":null}},"221":{"start":{"line":507,"column":6},"end":{"line":507,"column":null}},"222":{"start":{"line":511,"column":21},"end":{"line":511,"column":null}},"223":{"start":{"line":512,"column":27},"end":{"line":512,"column":null}},"224":{"start":{"line":512,"column":64},"end":{"line":512,"column":87}},"225":{"start":{"line":513,"column":4},"end":{"line":515,"column":null}},"226":{"start":{"line":514,"column":6},"end":{"line":514,"column":null}},"227":{"start":{"line":517,"column":16},"end":{"line":517,"column":null}},"228":{"start":{"line":518,"column":20},"end":{"line":518,"column":null}},"229":{"start":{"line":519,"column":4},"end":{"line":519,"column":null}},"230":{"start":{"line":521,"column":33},"end":{"line":539,"column":null}},"231":{"start":{"line":541,"column":20},"end":{"line":541,"column":null}},"232":{"start":{"line":542,"column":4},"end":{"line":542,"column":null}},"233":{"start":{"line":543,"column":4},"end":{"line":543,"column":null}},"234":{"start":{"line":546,"column":30},"end":{"line":546,"column":null}},"235":{"start":{"line":547,"column":4},"end":{"line":551,"column":null}},"236":{"start":{"line":554,"column":4},"end":{"line":556,"column":null}},"237":{"start":{"line":558,"column":4},"end":{"line":559,"column":null}},"238":{"start":{"line":561,"column":4},"end":{"line":561,"column":null}},"239":{"start":{"line":571,"column":63},"end":{"line":571,"column":null}},"240":{"start":{"line":573,"column":20},"end":{"line":573,"column":null}},"241":{"start":{"line":574,"column":18},"end":{"line":574,"column":null}},"242":{"start":{"line":574,"column":41},"end":{"line":574,"column":58}},"243":{"start":{"line":576,"column":4},"end":{"line":576,"column":null}},"244":{"start":{"line":576,"column":22},"end":{"line":576,"column":null}},"245":{"start":{"line":577,"column":4},"end":{"line":577,"column":null}},"246":{"start":{"line":577,"column":46},"end":{"line":577,"column":null}},"247":{"start":{"line":579,"column":19},"end":{"line":579,"column":null}},"248":{"start":{"line":580,"column":10},"end":{"line":580,"column":null}},"249":{"start":{"line":583,"column":4},"end":{"line":591,"column":null}},"250":{"start":{"line":593,"column":4},"end":{"line":593,"column":null}},"251":{"start":{"line":596,"column":17},"end":{"line":596,"column":null}},"252":{"start":{"line":597,"column":4},"end":{"line":602,"column":null}},"253":{"start":{"line":598,"column":6},"end":{"line":601,"column":null}},"254":{"start":{"line":605,"column":19},"end":{"line":605,"column":null}},"255":{"start":{"line":606,"column":4},"end":{"line":610,"column":null}},"256":{"start":{"line":607,"column":6},"end":{"line":609,"column":null}},"257":{"start":{"line":612,"column":4},"end":{"line":613,"column":null}},"258":{"start":{"line":615,"column":4},"end":{"line":615,"column":null}},"259":{"start":{"line":623,"column":35},"end":{"line":623,"column":null}},"260":{"start":{"line":625,"column":20},"end":{"line":625,"column":null}},"261":{"start":{"line":626,"column":18},"end":{"line":626,"column":null}},"262":{"start":{"line":626,"column":41},"end":{"line":626,"column":58}},"263":{"start":{"line":628,"column":4},"end":{"line":628,"column":null}},"264":{"start":{"line":628,"column":22},"end":{"line":628,"column":null}},"265":{"start":{"line":630,"column":19},"end":{"line":630,"column":null}},"266":{"start":{"line":631,"column":4},"end":{"line":631,"column":null}},"267":{"start":{"line":631,"column":38},"end":{"line":631,"column":null}},"268":{"start":{"line":633,"column":19},"end":{"line":633,"column":null}},"269":{"start":{"line":634,"column":4},"end":{"line":634,"column":null}},"270":{"start":{"line":634,"column":17},"end":{"line":634,"column":null}},"271":{"start":{"line":636,"column":4},"end":{"line":638,"column":null}},"272":{"start":{"line":637,"column":6},"end":{"line":637,"column":null}},"273":{"start":{"line":641,"column":4},"end":{"line":643,"column":null}},"274":{"start":{"line":642,"column":6},"end":{"line":642,"column":null}},"275":{"start":{"line":645,"column":23},"end":{"line":645,"column":null}},"276":{"start":{"line":646,"column":4},"end":{"line":646,"column":null}},"277":{"start":{"line":648,"column":4},"end":{"line":655,"column":null}},"278":{"start":{"line":657,"column":4},"end":{"line":657,"column":null}},"279":{"start":{"line":659,"column":4},"end":{"line":660,"column":null}},"280":{"start":{"line":662,"column":4},"end":{"line":662,"column":null}},"281":{"start":{"line":666,"column":20},"end":{"line":666,"column":null}},"282":{"start":{"line":667,"column":10},"end":{"line":667,"column":null}},"283":{"start":{"line":668,"column":10},"end":{"line":668,"column":null}},"284":{"start":{"line":671,"column":21},"end":{"line":671,"column":null}},"285":{"start":{"line":672,"column":27},"end":{"line":678,"column":null}},"286":{"start":{"line":673,"column":6},"end":{"line":676,"column":null}},"287":{"start":{"line":674,"column":8},"end":{"line":674,"column":null}},"288":{"start":{"line":675,"column":8},"end":{"line":675,"column":null}},"289":{"start":{"line":677,"column":6},"end":{"line":677,"column":null}},"290":{"start":{"line":680,"column":4},"end":{"line":682,"column":null}},"291":{"start":{"line":681,"column":6},"end":{"line":681,"column":null}},"292":{"start":{"line":684,"column":4},"end":{"line":695,"column":null}},"293":{"start":{"line":686,"column":42},"end":{"line":686,"column":91}},"294":{"start":{"line":687,"column":42},"end":{"line":687,"column":64}},"295":{"start":{"line":688,"column":43},"end":{"line":688,"column":66}},"296":{"start":{"line":690,"column":8},"end":{"line":690,"column":null}},"297":{"start":{"line":693,"column":8},"end":{"line":693,"column":null}},"298":{"start":{"line":702,"column":4},"end":{"line":711,"column":null}},"299":{"start":{"line":715,"column":4},"end":{"line":715,"column":null}},"300":{"start":{"line":715,"column":35},"end":{"line":715,"column":46}},"301":{"start":{"line":719,"column":23},"end":{"line":719,"column":null}},"302":{"start":{"line":720,"column":38},"end":{"line":725,"column":null}},"303":{"start":{"line":726,"column":4},"end":{"line":726,"column":null}},"304":{"start":{"line":727,"column":4},"end":{"line":727,"column":null}},"305":{"start":{"line":728,"column":4},"end":{"line":728,"column":null}},"306":{"start":{"line":732,"column":23},"end":{"line":732,"column":null}},"307":{"start":{"line":733,"column":18},"end":{"line":733,"column":null}},"308":{"start":{"line":733,"column":44},"end":{"line":733,"column":55}},"309":{"start":{"line":734,"column":4},"end":{"line":734,"column":null}},"310":{"start":{"line":734,"column":22},"end":{"line":734,"column":null}},"311":{"start":{"line":736,"column":4},"end":{"line":740,"column":null}},"312":{"start":{"line":741,"column":4},"end":{"line":741,"column":null}},"313":{"start":{"line":742,"column":4},"end":{"line":742,"column":null}},"314":{"start":{"line":746,"column":23},"end":{"line":746,"column":null}},"315":{"start":{"line":747,"column":18},"end":{"line":747,"column":null}},"316":{"start":{"line":749,"column":4},"end":{"line":751,"column":null}},"317":{"start":{"line":749,"column":24},"end":{"line":749,"column":43}},"318":{"start":{"line":750,"column":6},"end":{"line":750,"column":null}},"319":{"start":{"line":753,"column":21},"end":{"line":753,"column":null}},"320":{"start":{"line":753,"column":44},"end":{"line":753,"column":55}},"321":{"start":{"line":754,"column":4},"end":{"line":754,"column":null}},"322":{"start":{"line":755,"column":4},"end":{"line":755,"column":null}},"323":{"start":{"line":762,"column":4},"end":{"line":762,"column":null}},"324":{"start":{"line":772,"column":17},"end":{"line":772,"column":null}},"325":{"start":{"line":773,"column":30},"end":{"line":782,"column":null}},"326":{"start":{"line":784,"column":4},"end":{"line":784,"column":null}},"327":{"start":{"line":786,"column":4},"end":{"line":788,"column":null}},"328":{"start":{"line":787,"column":6},"end":{"line":787,"column":null}},"329":{"start":{"line":790,"column":4},"end":{"line":790,"column":null}},"330":{"start":{"line":791,"column":4},"end":{"line":791,"column":null}},"331":{"start":{"line":795,"column":4},"end":{"line":795,"column":null}},"332":{"start":{"line":802,"column":4},"end":{"line":812,"column":null}},"333":{"start":{"line":816,"column":20},"end":{"line":816,"column":null}},"334":{"start":{"line":817,"column":20},"end":{"line":817,"column":null}},"335":{"start":{"line":818,"column":4},"end":{"line":818,"column":null}},"336":{"start":{"line":819,"column":4},"end":{"line":819,"column":null}}},"fnMap":{"0":{"name":"(anonymous_0)","decl":{"start":{"line":32,"column":9},"end":{"line":32,"column":16}},"loc":{"start":{"line":32,"column":49},"end":{"line":40,"column":null}},"line":32},"1":{"name":"(anonymous_1)","decl":{"start":{"line":43,"column":9},"end":{"line":43,"column":16}},"loc":{"start":{"line":43,"column":45},"end":{"line":50,"column":null}},"line":43},"2":{"name":"(anonymous_2)","decl":{"start":{"line":53,"column":9},"end":{"line":53,"column":16}},"loc":{"start":{"line":53,"column":35},"end":{"line":55,"column":null}},"line":53},"3":{"name":"(anonymous_3)","decl":{"start":{"line":58,"column":9},"end":{"line":58,"column":29}},"loc":{"start":{"line":58,"column":29},"end":{"line":72,"column":null}},"line":58},"4":{"name":"(anonymous_4)","decl":{"start":{"line":75,"column":9},"end":{"line":75,"column":19}},"loc":{"start":{"line":75,"column":46},"end":{"line":91,"column":null}},"line":75},"5":{"name":"(anonymous_5)","decl":{"start":{"line":94,"column":9},"end":{"line":94,"column":26}},"loc":{"start":{"line":94,"column":26},"end":{"line":96,"column":null}},"line":94},"6":{"name":"(anonymous_6)","decl":{"start":{"line":95,"column":40},"end":{"line":95,"column":47}},"loc":{"start":{"line":95,"column":47},"end":{"line":95,"column":75}},"line":95},"7":{"name":"(anonymous_7)","decl":{"start":{"line":102,"column":9},"end":{"line":102,"column":26}},"loc":{"start":{"line":102,"column":26},"end":{"line":104,"column":null}},"line":102},"8":{"name":"(anonymous_8)","decl":{"start":{"line":107,"column":9},"end":{"line":107,"column":17}},"loc":{"start":{"line":107,"column":47},"end":{"line":110,"column":null}},"line":107},"9":{"name":"(anonymous_9)","decl":{"start":{"line":109,"column":22},"end":{"line":109,"column":27}},"loc":{"start":{"line":109,"column":27},"end":{"line":109,"column":38}},"line":109},"10":{"name":"(anonymous_10)","decl":{"start":{"line":113,"column":9},"end":{"line":113,"column":22}},"loc":{"start":{"line":113,"column":57},"end":{"line":116,"column":null}},"line":113},"11":{"name":"(anonymous_11)","decl":{"start":{"line":115,"column":22},"end":{"line":115,"column":27}},"loc":{"start":{"line":115,"column":27},"end":{"line":115,"column":48}},"line":115},"12":{"name":"(anonymous_12)","decl":{"start":{"line":119,"column":9},"end":{"line":119,"column":16}},"loc":{"start":{"line":125,"column":13},"end":{"line":155,"column":null}},"line":125},"13":{"name":"(anonymous_13)","decl":{"start":{"line":130,"column":27},"end":{"line":130,"column":null}},"loc":{"start":{"line":131,"column":8},"end":{"line":134,"column":null}},"line":131},"14":{"name":"(anonymous_14)","decl":{"start":{"line":139,"column":27},"end":{"line":139,"column":32}},"loc":{"start":{"line":139,"column":32},"end":{"line":139,"column":66}},"line":139},"15":{"name":"(anonymous_15)","decl":{"start":{"line":143,"column":27},"end":{"line":143,"column":32}},"loc":{"start":{"line":143,"column":32},"end":{"line":143,"column":58}},"line":143},"16":{"name":"(anonymous_16)","decl":{"start":{"line":147,"column":27},"end":{"line":147,"column":32}},"loc":{"start":{"line":147,"column":32},"end":{"line":147,"column":65}},"line":147},"17":{"name":"(anonymous_17)","decl":{"start":{"line":151,"column":27},"end":{"line":151,"column":32}},"loc":{"start":{"line":151,"column":32},"end":{"line":151,"column":71}},"line":151},"18":{"name":"(anonymous_18)","decl":{"start":{"line":158,"column":9},"end":{"line":158,"column":13}},"loc":{"start":{"line":158,"column":87},"end":{"line":181,"column":null}},"line":158},"19":{"name":"(anonymous_19)","decl":{"start":{"line":162,"column":19},"end":{"line":162,"column":24}},"loc":{"start":{"line":162,"column":24},"end":{"line":162,"column":50}},"line":162},"20":{"name":"(anonymous_20)","decl":{"start":{"line":184,"column":9},"end":{"line":184,"column":16}},"loc":{"start":{"line":184,"column":65},"end":{"line":208,"column":null}},"line":184},"21":{"name":"(anonymous_21)","decl":{"start":{"line":186,"column":34},"end":{"line":186,"column":39}},"loc":{"start":{"line":186,"column":39},"end":{"line":186,"column":50}},"line":186},"22":{"name":"(anonymous_22)","decl":{"start":{"line":192,"column":21},"end":{"line":192,"column":26}},"loc":{"start":{"line":192,"column":26},"end":{"line":192,"column":70}},"line":192},"23":{"name":"(anonymous_23)","decl":{"start":{"line":211,"column":9},"end":{"line":211,"column":16}},"loc":{"start":{"line":211,"column":37},"end":{"line":229,"column":null}},"line":211},"24":{"name":"(anonymous_24)","decl":{"start":{"line":213,"column":28},"end":{"line":213,"column":33}},"loc":{"start":{"line":213,"column":33},"end":{"line":213,"column":44}},"line":213},"25":{"name":"(anonymous_25)","decl":{"start":{"line":219,"column":27},"end":{"line":219,"column":32}},"loc":{"start":{"line":219,"column":32},"end":{"line":219,"column":74}},"line":219},"26":{"name":"(anonymous_26)","decl":{"start":{"line":223,"column":34},"end":{"line":223,"column":39}},"loc":{"start":{"line":223,"column":39},"end":{"line":223,"column":50}},"line":223},"27":{"name":"(anonymous_27)","decl":{"start":{"line":232,"column":9},"end":{"line":232,"column":20}},"loc":{"start":{"line":232,"column":20},"end":{"line":241,"column":null}},"line":232},"28":{"name":"(anonymous_28)","decl":{"start":{"line":236,"column":30},"end":{"line":236,"column":35}},"loc":{"start":{"line":236,"column":35},"end":{"line":236,"column":59}},"line":236},"29":{"name":"(anonymous_29)","decl":{"start":{"line":237,"column":29},"end":{"line":237,"column":34}},"loc":{"start":{"line":237,"column":34},"end":{"line":237,"column":57}},"line":237},"30":{"name":"(anonymous_30)","decl":{"start":{"line":238,"column":28},"end":{"line":238,"column":33}},"loc":{"start":{"line":238,"column":33},"end":{"line":238,"column":55}},"line":238},"31":{"name":"(anonymous_31)","decl":{"start":{"line":239,"column":25},"end":{"line":239,"column":30}},"loc":{"start":{"line":239,"column":30},"end":{"line":239,"column":49}},"line":239},"32":{"name":"(anonymous_32)","decl":{"start":{"line":246,"column":9},"end":{"line":246,"column":28}},"loc":{"start":{"line":246,"column":28},"end":{"line":248,"column":null}},"line":246},"33":{"name":"(anonymous_33)","decl":{"start":{"line":250,"column":9},"end":{"line":250,"column":17}},"loc":{"start":{"line":250,"column":49},"end":{"line":252,"column":null}},"line":250},"34":{"name":"(anonymous_34)","decl":{"start":{"line":251,"column":30},"end":{"line":251,"column":35}},"loc":{"start":{"line":251,"column":35},"end":{"line":251,"column":46}},"line":251},"35":{"name":"(anonymous_35)","decl":{"start":{"line":254,"column":9},"end":{"line":254,"column":25}},"loc":{"start":{"line":254,"column":65},"end":{"line":256,"column":null}},"line":254},"36":{"name":"(anonymous_36)","decl":{"start":{"line":255,"column":30},"end":{"line":255,"column":35}},"loc":{"start":{"line":255,"column":35},"end":{"line":255,"column":62}},"line":255},"37":{"name":"(anonymous_37)","decl":{"start":{"line":258,"column":9},"end":{"line":258,"column":16}},"loc":{"start":{"line":262,"column":15},"end":{"line":283,"column":null}},"line":262},"38":{"name":"(anonymous_38)","decl":{"start":{"line":267,"column":31},"end":{"line":267,"column":null}},"loc":{"start":{"line":268,"column":8},"end":{"line":270,"column":null}},"line":268},"39":{"name":"(anonymous_39)","decl":{"start":{"line":275,"column":31},"end":{"line":275,"column":36}},"loc":{"start":{"line":275,"column":36},"end":{"line":275,"column":62}},"line":275},"40":{"name":"(anonymous_40)","decl":{"start":{"line":279,"column":31},"end":{"line":279,"column":36}},"loc":{"start":{"line":279,"column":36},"end":{"line":279,"column":75}},"line":279},"41":{"name":"(anonymous_41)","decl":{"start":{"line":285,"column":9},"end":{"line":285,"column":13}},"loc":{"start":{"line":285,"column":100},"end":{"line":306,"column":null}},"line":285},"42":{"name":"(anonymous_42)","decl":{"start":{"line":288,"column":21},"end":{"line":288,"column":26}},"loc":{"start":{"line":288,"column":26},"end":{"line":288,"column":60}},"line":288},"43":{"name":"(anonymous_43)","decl":{"start":{"line":308,"column":9},"end":{"line":308,"column":16}},"loc":{"start":{"line":308,"column":69},"end":{"line":331,"column":null}},"line":308},"44":{"name":"(anonymous_44)","decl":{"start":{"line":310,"column":36},"end":{"line":310,"column":41}},"loc":{"start":{"line":310,"column":41},"end":{"line":310,"column":52}},"line":310},"45":{"name":"(anonymous_45)","decl":{"start":{"line":315,"column":23},"end":{"line":315,"column":28}},"loc":{"start":{"line":315,"column":28},"end":{"line":315,"column":78}},"line":315},"46":{"name":"(anonymous_46)","decl":{"start":{"line":333,"column":9},"end":{"line":333,"column":16}},"loc":{"start":{"line":333,"column":37},"end":{"line":351,"column":null}},"line":333},"47":{"name":"(anonymous_47)","decl":{"start":{"line":335,"column":32},"end":{"line":335,"column":37}},"loc":{"start":{"line":335,"column":37},"end":{"line":335,"column":48}},"line":335},"48":{"name":"(anonymous_48)","decl":{"start":{"line":341,"column":27},"end":{"line":341,"column":32}},"loc":{"start":{"line":341,"column":32},"end":{"line":341,"column":76}},"line":341},"49":{"name":"(anonymous_49)","decl":{"start":{"line":345,"column":36},"end":{"line":345,"column":41}},"loc":{"start":{"line":345,"column":41},"end":{"line":345,"column":52}},"line":345},"50":{"name":"(anonymous_50)","decl":{"start":{"line":353,"column":9},"end":{"line":353,"column":20}},"loc":{"start":{"line":353,"column":20},"end":{"line":361,"column":null}},"line":353},"51":{"name":"(anonymous_51)","decl":{"start":{"line":357,"column":29},"end":{"line":357,"column":34}},"loc":{"start":{"line":357,"column":34},"end":{"line":357,"column":55}},"line":357},"52":{"name":"(anonymous_52)","decl":{"start":{"line":358,"column":30},"end":{"line":358,"column":35}},"loc":{"start":{"line":358,"column":35},"end":{"line":358,"column":57}},"line":358},"53":{"name":"(anonymous_53)","decl":{"start":{"line":359,"column":32},"end":{"line":359,"column":37}},"loc":{"start":{"line":359,"column":37},"end":{"line":359,"column":61}},"line":359},"54":{"name":"(anonymous_54)","decl":{"start":{"line":366,"column":9},"end":{"line":366,"column":32}},"loc":{"start":{"line":366,"column":32},"end":{"line":397,"column":null}},"line":366},"55":{"name":"(anonymous_55)","decl":{"start":{"line":399,"column":9},"end":{"line":399,"column":17}},"loc":{"start":{"line":399,"column":53},"end":{"line":401,"column":null}},"line":399},"56":{"name":"(anonymous_56)","decl":{"start":{"line":400,"column":30},"end":{"line":400,"column":35}},"loc":{"start":{"line":400,"column":35},"end":{"line":400,"column":46}},"line":400},"57":{"name":"(anonymous_57)","decl":{"start":{"line":403,"column":9},"end":{"line":403,"column":13}},"loc":{"start":{"line":403,"column":83},"end":{"line":414,"column":null}},"line":403},"58":{"name":"(anonymous_58)","decl":{"start":{"line":416,"column":9},"end":{"line":416,"column":16}},"loc":{"start":{"line":416,"column":77},"end":{"line":428,"column":null}},"line":416},"59":{"name":"(anonymous_59)","decl":{"start":{"line":418,"column":34},"end":{"line":418,"column":39}},"loc":{"start":{"line":418,"column":39},"end":{"line":418,"column":50}},"line":418},"60":{"name":"(anonymous_60)","decl":{"start":{"line":430,"column":9},"end":{"line":430,"column":16}},"loc":{"start":{"line":430,"column":37},"end":{"line":442,"column":null}},"line":430},"61":{"name":"(anonymous_61)","decl":{"start":{"line":435,"column":21},"end":{"line":435,"column":26}},"loc":{"start":{"line":435,"column":26},"end":{"line":435,"column":48}},"line":435},"62":{"name":"(anonymous_62)","decl":{"start":{"line":439,"column":34},"end":{"line":439,"column":39}},"loc":{"start":{"line":439,"column":39},"end":{"line":439,"column":50}},"line":439},"63":{"name":"(anonymous_63)","decl":{"start":{"line":447,"column":9},"end":{"line":447,"column":34}},"loc":{"start":{"line":447,"column":34},"end":{"line":449,"column":null}},"line":447},"64":{"name":"(anonymous_64)","decl":{"start":{"line":451,"column":9},"end":{"line":451,"column":17}},"loc":{"start":{"line":451,"column":55},"end":{"line":453,"column":null}},"line":451},"65":{"name":"(anonymous_65)","decl":{"start":{"line":452,"column":30},"end":{"line":452,"column":35}},"loc":{"start":{"line":452,"column":35},"end":{"line":452,"column":46}},"line":452},"66":{"name":"(anonymous_66)","decl":{"start":{"line":455,"column":9},"end":{"line":455,"column":21}},"loc":{"start":{"line":455,"column":55},"end":{"line":457,"column":null}},"line":455},"67":{"name":"(anonymous_67)","decl":{"start":{"line":456,"column":32},"end":{"line":456,"column":37}},"loc":{"start":{"line":456,"column":37},"end":{"line":456,"column":60}},"line":456},"68":{"name":"(anonymous_68)","decl":{"start":{"line":459,"column":9},"end":{"line":459,"column":19}},"loc":{"start":{"line":459,"column":51},"end":{"line":461,"column":null}},"line":459},"69":{"name":"(anonymous_69)","decl":{"start":{"line":460,"column":32},"end":{"line":460,"column":37}},"loc":{"start":{"line":460,"column":37},"end":{"line":460,"column":56}},"line":460},"70":{"name":"(anonymous_70)","decl":{"start":{"line":463,"column":9},"end":{"line":463,"column":45}},"loc":{"start":{"line":463,"column":45},"end":{"line":465,"column":null}},"line":463},"71":{"name":"(anonymous_71)","decl":{"start":{"line":464,"column":32},"end":{"line":464,"column":37}},"loc":{"start":{"line":464,"column":37},"end":{"line":464,"column":86}},"line":464},"72":{"name":"(anonymous_72)","decl":{"start":{"line":467,"column":9},"end":{"line":467,"column":45}},"loc":{"start":{"line":467,"column":45},"end":{"line":487,"column":null}},"line":467},"73":{"name":"(anonymous_73)","decl":{"start":{"line":473,"column":39},"end":{"line":473,"column":44}},"loc":{"start":{"line":473,"column":44},"end":{"line":479,"column":5}},"line":473},"74":{"name":"(anonymous_74)","decl":{"start":{"line":486,"column":33},"end":{"line":486,"column":38}},"loc":{"start":{"line":486,"column":38},"end":{"line":486,"column":60}},"line":486},"75":{"name":"(anonymous_75)","decl":{"start":{"line":490,"column":9},"end":{"line":490,"column":16}},"loc":{"start":{"line":495,"column":19},"end":{"line":562,"column":null}},"line":495},"76":{"name":"(anonymous_76)","decl":{"start":{"line":512,"column":59},"end":{"line":512,"column":64}},"loc":{"start":{"line":512,"column":64},"end":{"line":512,"column":87}},"line":512},"77":{"name":"(anonymous_77)","decl":{"start":{"line":565,"column":9},"end":{"line":565,"column":16}},"loc":{"start":{"line":570,"column":19},"end":{"line":616,"column":null}},"line":570},"78":{"name":"(anonymous_78)","decl":{"start":{"line":574,"column":36},"end":{"line":574,"column":41}},"loc":{"start":{"line":574,"column":41},"end":{"line":574,"column":58}},"line":574},"79":{"name":"(anonymous_79)","decl":{"start":{"line":619,"column":9},"end":{"line":619,"column":15}},"loc":{"start":{"line":622,"column":19},"end":{"line":663,"column":null}},"line":622},"80":{"name":"(anonymous_80)","decl":{"start":{"line":626,"column":36},"end":{"line":626,"column":41}},"loc":{"start":{"line":626,"column":41},"end":{"line":626,"column":58}},"line":626},"81":{"name":"(anonymous_81)","decl":{"start":{"line":665,"column":9},"end":{"line":665,"column":20}},"loc":{"start":{"line":665,"column":20},"end":{"line":696,"column":null}},"line":665},"82":{"name":"(anonymous_82)","decl":{"start":{"line":672,"column":39},"end":{"line":672,"column":44}},"loc":{"start":{"line":672,"column":44},"end":{"line":678,"column":5}},"line":672},"83":{"name":"(anonymous_83)","decl":{"start":{"line":686,"column":37},"end":{"line":686,"column":42}},"loc":{"start":{"line":686,"column":42},"end":{"line":686,"column":91}},"line":686},"84":{"name":"(anonymous_84)","decl":{"start":{"line":687,"column":37},"end":{"line":687,"column":42}},"loc":{"start":{"line":687,"column":42},"end":{"line":687,"column":64}},"line":687},"85":{"name":"(anonymous_85)","decl":{"start":{"line":688,"column":38},"end":{"line":688,"column":43}},"loc":{"start":{"line":688,"column":43},"end":{"line":688,"column":66}},"line":688},"86":{"name":"(anonymous_86)","decl":{"start":{"line":689,"column":42},"end":{"line":689,"column":null}},"loc":{"start":{"line":690,"column":8},"end":{"line":690,"column":null}},"line":690},"87":{"name":"(anonymous_87)","decl":{"start":{"line":692,"column":42},"end":{"line":692,"column":null}},"loc":{"start":{"line":693,"column":8},"end":{"line":693,"column":null}},"line":693},"88":{"name":"(anonymous_88)","decl":{"start":{"line":701,"column":9},"end":{"line":701,"column":34}},"loc":{"start":{"line":701,"column":34},"end":{"line":712,"column":null}},"line":701},"89":{"name":"(anonymous_89)","decl":{"start":{"line":714,"column":9},"end":{"line":714,"column":17}},"loc":{"start":{"line":714,"column":55},"end":{"line":716,"column":null}},"line":714},"90":{"name":"(anonymous_90)","decl":{"start":{"line":715,"column":30},"end":{"line":715,"column":35}},"loc":{"start":{"line":715,"column":35},"end":{"line":715,"column":46}},"line":715},"91":{"name":"(anonymous_91)","decl":{"start":{"line":718,"column":9},"end":{"line":718,"column":13}},"loc":{"start":{"line":718,"column":91},"end":{"line":729,"column":null}},"line":718},"92":{"name":"(anonymous_92)","decl":{"start":{"line":731,"column":9},"end":{"line":731,"column":16}},"loc":{"start":{"line":731,"column":81},"end":{"line":743,"column":null}},"line":731},"93":{"name":"(anonymous_93)","decl":{"start":{"line":733,"column":39},"end":{"line":733,"column":44}},"loc":{"start":{"line":733,"column":44},"end":{"line":733,"column":55}},"line":733},"94":{"name":"(anonymous_94)","decl":{"start":{"line":745,"column":9},"end":{"line":745,"column":16}},"loc":{"start":{"line":745,"column":37},"end":{"line":756,"column":null}},"line":745},"95":{"name":"(anonymous_95)","decl":{"start":{"line":749,"column":19},"end":{"line":749,"column":24}},"loc":{"start":{"line":749,"column":24},"end":{"line":749,"column":43}},"line":749},"96":{"name":"(anonymous_96)","decl":{"start":{"line":753,"column":39},"end":{"line":753,"column":44}},"loc":{"start":{"line":753,"column":44},"end":{"line":753,"column":55}},"line":753},"97":{"name":"(anonymous_97)","decl":{"start":{"line":761,"column":9},"end":{"line":761,"column":34}},"loc":{"start":{"line":761,"column":34},"end":{"line":763,"column":null}},"line":761},"98":{"name":"(anonymous_98)","decl":{"start":{"line":765,"column":9},"end":{"line":765,"column":null}},"loc":{"start":{"line":771,"column":18},"end":{"line":792,"column":null}},"line":771},"99":{"name":"(anonymous_99)","decl":{"start":{"line":794,"column":9},"end":{"line":794,"column":23}},"loc":{"start":{"line":794,"column":23},"end":{"line":796,"column":null}},"line":794},"100":{"name":"(anonymous_100)","decl":{"start":{"line":801,"column":9},"end":{"line":801,"column":31}},"loc":{"start":{"line":801,"column":31},"end":{"line":813,"column":null}},"line":801},"101":{"name":"(anonymous_101)","decl":{"start":{"line":815,"column":9},"end":{"line":815,"column":16}},"loc":{"start":{"line":815,"column":67},"end":{"line":820,"column":null}},"line":815}},"branchMap":{"0":{"loc":{"start":{"line":35,"column":13},"end":{"line":35,"column":null}},"type":"cond-expr","locations":[{"start":{"line":35,"column":20},"end":{"line":35,"column":39}},{"start":{"line":35,"column":39},"end":{"line":35,"column":null}}],"line":35},"1":{"loc":{"start":{"line":78,"column":6},"end":{"line":78,"column":null}},"type":"if","locations":[{"start":{"line":78,"column":6},"end":{"line":78,"column":null}},{"start":{},"end":{}}],"line":78},"2":{"loc":{"start":{"line":79,"column":6},"end":{"line":79,"column":null}},"type":"if","locations":[{"start":{"line":79,"column":6},"end":{"line":79,"column":null}},{"start":{},"end":{}}],"line":79},"3":{"loc":{"start":{"line":80,"column":6},"end":{"line":80,"column":null}},"type":"if","locations":[{"start":{"line":80,"column":6},"end":{"line":80,"column":null}},{"start":{},"end":{}}],"line":80},"4":{"loc":{"start":{"line":81,"column":6},"end":{"line":81,"column":null}},"type":"if","locations":[{"start":{"line":81,"column":6},"end":{"line":81,"column":null}},{"start":{},"end":{}}],"line":81},"5":{"loc":{"start":{"line":82,"column":6},"end":{"line":82,"column":null}},"type":"if","locations":[{"start":{"line":82,"column":6},"end":{"line":82,"column":null}},{"start":{},"end":{}}],"line":82},"6":{"loc":{"start":{"line":83,"column":6},"end":{"line":83,"column":null}},"type":"if","locations":[{"start":{"line":83,"column":6},"end":{"line":83,"column":null}},{"start":{},"end":{}}],"line":83},"7":{"loc":{"start":{"line":84,"column":6},"end":{"line":84,"column":null}},"type":"if","locations":[{"start":{"line":84,"column":6},"end":{"line":84,"column":null}},{"start":{},"end":{}}],"line":84},"8":{"loc":{"start":{"line":85,"column":6},"end":{"line":85,"column":null}},"type":"if","locations":[{"start":{"line":85,"column":6},"end":{"line":85,"column":null}},{"start":{},"end":{}}],"line":85},"9":{"loc":{"start":{"line":128,"column":4},"end":{"line":136,"column":null}},"type":"if","locations":[{"start":{"line":128,"column":4},"end":{"line":136,"column":null}},{"start":{},"end":{}}],"line":128},"10":{"loc":{"start":{"line":131,"column":8},"end":{"line":134,"column":null}},"type":"binary-expr","locations":[{"start":{"line":131,"column":8},"end":{"line":131,"column":null}},{"start":{"line":132,"column":8},"end":{"line":132,"column":null}},{"start":{"line":133,"column":8},"end":{"line":133,"column":null}},{"start":{"line":134,"column":8},"end":{"line":134,"column":null}}],"line":131},"11":{"loc":{"start":{"line":138,"column":4},"end":{"line":140,"column":null}},"type":"if","locations":[{"start":{"line":138,"column":4},"end":{"line":140,"column":null}},{"start":{},"end":{}}],"line":138},"12":{"loc":{"start":{"line":142,"column":4},"end":{"line":144,"column":null}},"type":"if","locations":[{"start":{"line":142,"column":4},"end":{"line":144,"column":null}},{"start":{},"end":{}}],"line":142},"13":{"loc":{"start":{"line":146,"column":4},"end":{"line":148,"column":null}},"type":"if","locations":[{"start":{"line":146,"column":4},"end":{"line":148,"column":null}},{"start":{},"end":{}}],"line":146},"14":{"loc":{"start":{"line":150,"column":4},"end":{"line":152,"column":null}},"type":"if","locations":[{"start":{"line":150,"column":4},"end":{"line":152,"column":null}},{"start":{},"end":{}}],"line":150},"15":{"loc":{"start":{"line":162,"column":4},"end":{"line":164,"column":null}},"type":"if","locations":[{"start":{"line":162,"column":4},"end":{"line":164,"column":null}},{"start":{},"end":{}}],"line":162},"16":{"loc":{"start":{"line":188,"column":4},"end":{"line":188,"column":null}},"type":"if","locations":[{"start":{"line":188,"column":4},"end":{"line":188,"column":null}},{"start":{},"end":{}}],"line":188},"17":{"loc":{"start":{"line":191,"column":4},"end":{"line":195,"column":null}},"type":"if","locations":[{"start":{"line":191,"column":4},"end":{"line":195,"column":null}},{"start":{},"end":{}}],"line":191},"18":{"loc":{"start":{"line":191,"column":8},"end":{"line":191,"column":69}},"type":"binary-expr","locations":[{"start":{"line":191,"column":8},"end":{"line":191,"column":27}},{"start":{"line":191,"column":27},"end":{"line":191,"column":69}}],"line":191},"19":{"loc":{"start":{"line":192,"column":6},"end":{"line":194,"column":null}},"type":"if","locations":[{"start":{"line":192,"column":6},"end":{"line":194,"column":null}},{"start":{},"end":{}}],"line":192},"20":{"loc":{"start":{"line":192,"column":26},"end":{"line":192,"column":70}},"type":"binary-expr","locations":[{"start":{"line":192,"column":26},"end":{"line":192,"column":59}},{"start":{"line":192,"column":59},"end":{"line":192,"column":70}}],"line":192},"21":{"loc":{"start":{"line":215,"column":4},"end":{"line":215,"column":null}},"type":"if","locations":[{"start":{"line":215,"column":4},"end":{"line":215,"column":null}},{"start":{},"end":{}}],"line":215},"22":{"loc":{"start":{"line":219,"column":4},"end":{"line":221,"column":null}},"type":"if","locations":[{"start":{"line":219,"column":4},"end":{"line":221,"column":null}},{"start":{},"end":{}}],"line":219},"23":{"loc":{"start":{"line":219,"column":32},"end":{"line":219,"column":74}},"type":"binary-expr","locations":[{"start":{"line":219,"column":32},"end":{"line":219,"column":51}},{"start":{"line":219,"column":51},"end":{"line":219,"column":74}}],"line":219},"24":{"loc":{"start":{"line":265,"column":4},"end":{"line":272,"column":null}},"type":"if","locations":[{"start":{"line":265,"column":4},"end":{"line":272,"column":null}},{"start":{},"end":{}}],"line":265},"25":{"loc":{"start":{"line":268,"column":8},"end":{"line":270,"column":null}},"type":"binary-expr","locations":[{"start":{"line":268,"column":8},"end":{"line":268,"column":null}},{"start":{"line":269,"column":8},"end":{"line":269,"column":null}},{"start":{"line":270,"column":8},"end":{"line":270,"column":null}}],"line":268},"26":{"loc":{"start":{"line":274,"column":4},"end":{"line":276,"column":null}},"type":"if","locations":[{"start":{"line":274,"column":4},"end":{"line":276,"column":null}},{"start":{},"end":{}}],"line":274},"27":{"loc":{"start":{"line":278,"column":4},"end":{"line":280,"column":null}},"type":"if","locations":[{"start":{"line":278,"column":4},"end":{"line"
[...]
:693,"column":24},"end":{"line":693,"column":null}}],"line":693},"67":{"loc":{"start":{"line":734,"column":4},"end":{"line":734,"column":null}},"type":"if","locations":[{"start":{"line":734,"column":4},"end":{"line":734,"column":null}},{"start":{},"end":{}}],"line":734},"68":{"loc":{"start":{"line":749,"column":4},"end":{"line":751,"column":null}},"type":"if","locations":[{"start":{"line":749,"column":4},"end":{"line":751,"column":null}},{"start":{},"end":{}}],"line":749},"69":{"loc":{"start":{"line":786,"column":4},"end":{"line":788,"column":null}},"type":"if","locations":[{"start":{"line":786,"column":4},"end":{"line":788,"column":null}},{"start":{},"end":{}}],"line":786}},"s":{"0":3,"1":498,"2":498,"3":498,"4":0,"5":0,"6":201,"7":201,"8":0,"9":0,"10":0,"11":2,"12":2,"13":2,"14":2,"15":2,"16":2,"17":2,"18":2,"19":2,"20":2,"21":2,"22":2,"23":2,"24":2,"25":2,"26":2,"27":2,"28":2,"29":2,"30":2,"31":2,"32":0,"33":0,"34":0,"35":0,"36":134,"37":19,"38":19,"39":39,"40":0,"41":0,"42":0,"43":4,"44":4,"45":2,"46":2,"47":5,"48":4,"49":1,"50":3,"51":4,"52":1,"53":3,"54":4,"55":0,"56":0,"57":4,"58":0,"59":0,"60":4,"61":31,"62":31,"63":28,"64":1,"65":30,"66":30,"67":30,"68":30,"69":30,"70":16,"71":16,"72":37,"73":16,"74":0,"75":16,"76":0,"77":0,"78":0,"79":16,"80":16,"81":16,"82":16,"83":2,"84":2,"85":2,"86":2,"87":0,"88":2,"89":2,"90":0,"91":0,"92":2,"93":2,"94":2,"95":2,"96":2,"97":33,"98":33,"99":19,"100":19,"101":19,"102":19,"103":102,"104":19,"105":21,"106":0,"107":0,"108":2,"109":2,"110":1,"111":1,"112":2,"113":2,"114":1,"115":2,"116":2,"117":0,"118":0,"119":2,"120":13,"121":13,"122":2,"123":0,"124":13,"125":13,"126":13,"127":13,"128":13,"129":14,"130":14,"131":15,"132":14,"133":0,"134":14,"135":0,"136":0,"137":0,"138":14,"139":14,"140":14,"141":14,"142":0,"143":0,"144":0,"145":0,"146":0,"147":0,"148":0,"149":0,"150":0,"151":0,"152":0,"153":0,"154":0,"155":0,"156":32,"157":32,"158":8,"159":8,"160":8,"161":25,"162":0,"163":0,"164":1,"165":1,"166":1,"167":1,"168":1,"169":0,"170":0,"171":0,"172":0,"173":0,"174":0,"175":0,"176":0,"177":0,"178":0,"179":0,"180":0,"181":0,"182":0,"183":0,"184":0,"185":0,"186":81,"187":0,"188":0,"189":0,"190":0,"191":0,"192":0,"193":0,"194":0,"195":12,"196":12,"197":12,"198":12,"199":11,"200":0,"201":0,"202":11,"203":12,"204":0,"205":12,"206":11,"207":14,"208":14,"209":14,"210":0,"211":14,"212":1,"213":13,"214":0,"215":13,"216":13,"217":0,"218":13,"219":0,"220":13,"221":1,"222":12,"223":12,"224":0,"225":12,"226":0,"227":12,"228":12,"229":12,"230":12,"231":12,"232":12,"233":12,"234":12,"235":12,"236":14,"237":14,"238":14,"239":2,"240":2,"241":2,"242":2,"243":2,"244":0,"245":2,"246":0,"247":2,"248":2,"249":2,"250":2,"251":2,"252":2,"253":2,"254":2,"255":2,"256":2,"257":2,"258":2,"259":2,"260":2,"261":2,"262":3,"263":2,"264":0,"265":2,"266":2,"267":0,"268":2,"269":2,"270":0,"271":2,"272":1,"273":1,"274":0,"275":1,"276":1,"277":1,"278":1,"279":1,"280":1,"281":32,"282":32,"283":32,"284":32,"285":32,"286":5,"287":0,"288":0,"289":5,"290":32,"291":0,"292":32,"293":5,"294":5,"295":5,"296":5,"297":5,"298":16,"299":0,"300":0,"301":0,"302":0,"303":0,"304":0,"305":0,"306":0,"307":0,"308":0,"309":0,"310":0,"311":0,"312":0,"313":0,"314":0,"315":0,"316":0,"317":0,"318":0,"319":0,"320":0,"321":0,"322":0,"323":90,"324":90,"325":90,"326":90,"327":90,"328":0,"329":90,"330":90,"331":0,"332":33,"333":2,"334":2,"335":2,"336":2},"f":{"0":3,"1":3,"2":3,"3":3,"4":3,"5":3,"6":0,"7":3,"8":3,"9":39,"10":3,"11":0,"12":3,"13":5,"14":3,"15":3,"16":0,"17":0,"18":3,"19":28,"20":3,"21":37,"22":0,"23":3,"24":2,"25":0,"26":2,"27":3,"28":19,"29":19,"30":19,"31":19,"32":3,"33":3,"34":21,"35":3,"36":0,"37":3,"38":2,"39":2,"40":0,"41":3,"42":2,"43":3,"44":15,"45":0,"46":3,"47":0,"48":0,"49":0,"50":3,"51":8,"52":8,"53":8,"54":3,"55":3,"56":0,"57":3,"58":3,"59":0,"60":3,"61":0,"62":0,"63":3,"64":3,"65":0,"66":3,"67":0,"68":3,"69":0,"70":3,"71":0,"72":3,"73":11,"74":11,"75":3,"76":0,"77":3,"78":2,"79":3,"80":3,"81":3,"82":5,"83":5,"84":5,"85":5,"86":5,"87":5,"88":3,"89":3,"90":0,"91":3,"92":3,"93":0,"94":3,"95":0,"96":0,"97":3,"98":3,"99":3,"100":3,"101":3},"b":{"0":[235,263],"1":[2,0],"2":[2,0],"3":[2,0],"4":[2,0],"5":[2,0],"6":[2,0],"7":[2,0],"8":[2,0],"9":[2,2],"10":[5,3,3,3],"11":[1,3],"12":[1,3],"13":[0,4],"14":[0,4],"15":[1,30],"16":[0,16],"17":[0,16],"18":[16,0],"19":[0,0],"20":[0,0],"21":[0,2],"22":[0,2],"23":[0,0],"24":[1,1],"25":[2,1,1],"26":[1,1],"27":[0,2],"28":[0,13],"29":[0,14],"30":[0,14],"31":[14,0],"32":[0,0],"33":[0,0],"34":[0,0],"35":[0,0],"36":[0,0],"37":[0,0],"38":[0,0],"39":[0,0],"40":[0,11],"41":[11,11],"42":[0,12],"43":[0,14],"44":[1,13],"45":[0,13],"46":[0,13],"47":[0,13],"48":[1,12],"49":[0,12],"50":[12,0],"51":[0,12],"52":[2],"53":[0,2],"54":[0,2],"55":[2,0],"56":[2,0],"57":[0,2],"58":[0,2],"59":[0,2],"60":[1,1],"61":[0,1],"62":[0,5],"63":[5,4],"64":[0,32],"65":[5,1],"66":[5,1],"67":[0,0],"68":[0,0],"69":[0,90]},"meta":{"lastBranch":70,"lastFunction":102,"lastStatement":337,"seen":{"s:17:21:27:Infinity":0,"f:32:9:32:16":0,"s:33:4:39:Infinity":1,"s:34:19:34:Infinity":2,"s:35:6:35:Infinity":3,"b:35:20:35:39:35:39:35:Infinity":0,"s:37:6:37:Infinity":4,"s:38:6:38:Infinity":5,"f:43:9:43:16":1,"s:44:4:49:Infinity":6,"s:45:6:45:Infinity":7,"s:47:6:47:Infinity":8,"s:48:6:48:Infinity":9,"f:53:9:53:16":2,"s:54:4:54:Infinity":10,"f:58:9:58:29":3,"s:59:17:70:Infinity":11,"s:71:4:71:Infinity":12,"f:75:9:75:19":4,"s:76:4:90:Infinity":13,"s:77:19:77:Infinity":14,"b:78:6:78:Infinity:undefined:undefined:undefined:undefined":1,"s:78:6:78:Infinity":15,"s:78:22:78:Infinity":16,"b:79:6:79:Infinity:undefined:undefined:undefined:undefined":2,"s:79:6:79:Infinity":17,"s:79:24:79:Infinity":18,"b:80:6:80:Infinity:undefined:undefined:undefined:undefined":3,"s:80:6:80:Infinity":19,"s:80:28:80:Infinity":20,"b:81:6:81:Infinity:undefined:undefined:undefined:undefined":4,"s:81:6:81:Infinity":21,"s:81:30:81:Infinity":22,"b:82:6:82:Infinity:undefined:undefined:undefined:undefined":5,"s:82:6:82:Infinity":23,"s:82:29:82:Infinity":24,"b:83:6:83:Infinity:undefined:undefined:undefined:undefined":6,"s:83:6:83:Infinity":25,"s:83:27:83:Infinity":26,"b:84:6:84:Infinity:undefined:undefined:undefined:undefined":7,"s:84:6:84:Infinity":27,"s:84:21:84:Infinity":28,"b:85:6:85:Infinity:undefined:undefined:undefined:undefined":8,"s:85:6:85:Infinity":29,"s:85:25:85:Infinity":30,"s:86:6:86:Infinity":31,"s:88:6:88:Infinity":32,"s:89:6:89:Infinity":33,"f:94:9:94:26":5,"s:95:4:95:Infinity":34,"f:95:40:95:47":6,"s:95:47:95:75":35,"f:102:9:102:26":7,"s:103:4:103:Infinity":36,"f:107:9:107:17":8,"s:108:18:108:Infinity":37,"s:109:4:109:Infinity":38,"f:109:22:109:27":9,"s:109:27:109:38":39,"f:113:9:113:22":10,"s:114:18:114:Infinity":40,"s:115:4:115:Infinity":41,"f:115:22:115:27":11,"s:115:27:115:48":42,"f:119:9:119:16":12,"s:126:16:126:Infinity":43,"b:128:4:136:Infinity:undefined:undefined:undefined:undefined":9,"s:128:4:136:Infinity":44,"s:129:17:129:Infinity":45,"s:130:6:135:Infinity":46,"f:130:27:130:Infinity":13,"s:131:8:134:Infinity":47,"b:131:8:131:Infinity:132:8:132:Infinity:133:8:133:Infinity:134:8:134:Infinity":10,"b:138:4:140:Infinity:undefined:undefined:undefined:undefined":11,"s:138:4:140:Infinity":48,"s:139:6:139:Infinity":49,"f:139:27:139:32":14,"s:139:32:139:66":50,"b:142:4:144:Infinity:undefined:undefined:undefined:undefined":12,"s:142:4:144:Infinity":51,"s:143:6:143:Infinity":52,"f:143:27:143:32":15,"s:143:32:143:58":53,"b:146:4:148:Infinity:undefined:undefined:undefined:undefined":13,"s:146:4:148:Infinity":54,"s:147:6:147:Infinity":55,"f:147:27:147:32":16,"s:147:32:147:65":56,"b:150:4:152:Infinity:undefined:undefined:undefined:undefined":14,"s:150:4:152:Infinity":57,"s:151:6:151:Infinity":58,"f:151:27:151:32":17,"s:151:32:151:71":59,"s:154:4:154:Infinity":60,"f:158:9:158:13":18,"s:159:18:159:Infinity":61,"b:162:4:164:Infinity:undefined:undefined:undefined:undefined":15,"s:162:4:164:Infinity":62,"f:162:19:162:24":19,"s:162:24:162:50":63,"s:163:6:163:Infinity":64,"s:166:26:172:Infinity":65,"s:174:4:174:Infinity":66,"s:175:4:175:Infinity":67,"s:178:4:178:Infinity":68,"s:180:4:180:Infinity":69,"f:184:9:184:16":20,"s:185:18:185:Infinity":70,"s:186:18:186:Infinity":71,"f:186:34:186:39":21,"s:186:39:186:50":72,"b:188:4:188:Infinity:undefined:undefined:undefined:undefined":16,"s:188:4:188:Infinity":73,"s:188:22:188:Infinity":74,"b:191:4:195:Infinity:undefined:undefined:undefined:undefined":17,"s:191:4:195:Infinity":75,"b:191:8:191:27:191:27:191:69":18,"b:192:6:194:Infinity:undefined:undefined:undefined:undefined":19,"s:192:6:194:Infinity":76,"f:192:21:192:26":22,"s:192:26:192:70":77,"b:192:26:192:59:192:59:192:70":20,"s:193:8:193:Infinity":78,"s:197:4:201:Infinity":79,"s:203:4:203:Infinity":80,"s:205:4:205:Infinity":81,"s:207:4:207:Infinity":82,"f:211:9:211:16":23,"s:212:18:212:Infinity":83,"s:213:17:213:Infinity":84,"f:213:28:213:33":24,"s:213:33:213:44":85,"b:215:4:215:Infinity:undefined:undefined:undefined:undefined":21,"s:215:4:215:Infinity":86,"s:215:15:215:Infinity":87,"s:218:26:218:Infinity":88,"b:219:4:221:Infinity:undefined:undefined:undefined:undefined":22,"s:219:4:221:Infinity":89,"f:219:27:219:32":25,"s:219:32:219:74":90,"b:219:32:219:51:219:51:219:74":23,"s:220:6:220:Infinity":91,"s:223:21:223:Infinity":92,"f:223:34:223:39":26,"s:223:39:223:50":93,"s:224:4:224:Infinity":94,"s:226:4:226:Infinity":95,"s:228:4:228:Infinity":96,"f:232:9:232:20":27,"s:233:18:233:Infinity":97,"s:234:4:240:Infinity":98,"f:236:30:236:35":28,"s:236:35:236:59":99,"f:237:29:237:34":29,"s:237:34:237:57":100,"f:238:28:238:33":30,"s:238:33:238:55":101,"f:239:25:239:30":31,"s:239:30:239:49":102,"f:246:9:246:28":32,"s:247:4:247:Infinity":103,"f:250:9:250:17":33,"s:251:4:251:Infinity":104,"f:251:30:251:35":34,"s:251:35:251:46":105,"f:254:9:254:25":35,"s:255:4:255:Infinity":106,"f:255:30:255:35":36,"s:255:35:255:62":107,"f:258:9:258:16":37,"s:263:18:263:Infinity":108,"b:265:4:272:Infinity:undefined:undefined:undefined:undefined":24,"s:265:4:272:Infinity":109,"s:266:17:266:Infinity":110,"s:267:6:271:Infinity":111,"f:267:31:267:Infinity":38,"s:268:8:270:Infinity":112,"b:268:8:268:Infinity:269:8:269:Infinity:270:8:270:Infinity":25,"b:274:4:276:Infinity:undefined:undefined:undefined:undefined":26,"s:274:4:276:Infinity":113,"s:275:6:275:Infinity":114,"f:275:31:275:36":39,"s:275:36:275:62":115,"b:278:4:280:Infinity:undefined:undefined:undefined:undefined":27,"s:278:4:280:Infinity":116,"s:279:6:279:Infinity":117,"f:279:31:279:36":40,"s:279:36:279:75":118,"s:282:4:282:Infinity":119,"f:285:9:285:13":41,"s:286:20:286:Infinity":120,"b:288:4:290:Infinity:undefined:undefined:undefined:undefined":28,"s:288:4:290:Infinity":121,"f:288:21:288:26":42,"s:288:26:288:60":122,"s:289:6:289:Infinity":123,"s:292:30:298:Infinity":124,"s:300:4:300:Infinity":125,"s:301:4:301:Infinity":126,"s:303:4:303:Infinity":127,"s:305:4:305:Infinity":128,"f:308:9:308:16":43,"s:309:20:309:Infinity":129,"s:310:18:310:Infinity":130,"f:310:36:310:41":44,"s:310:41:310:52":131,"b:312:4:312:Infinity:undefined:undefined:undefined:undefined":29,"s:312:4:312:Infinity":132,"s:312:22:312:Infinity":133,"b:314:4:318:Infinity:undefined:undefined:undefined:undefined":30,"s:314:4:318:Infinity":134,"b:314:8:314:30:314:30:314:80":31,"b:315:6:317:Infinity:undefined:undefined:undefined:undefined":32,"s:315:6:317:Infinity":135,"f:315:23:315:28":45,"s:315:28:315:78":136,"b:315:28:315:67:315:67:315:78":33,"s:316:8:316:Infinity":137,"s:320:4:324:Infinity":138,"s:326:4:326:Infinity":139,"s:328:4:328:Infinity":140,"s:330:4:330:Infinity":141,"f:333:9:333:16":46,"s:334:20:334:Infinity":142,"s:335:19:335:Infinity":143,"f:335:32:335:37":47,"s:335:37:335:48":144,"b:337:4:337:Infinity:undefined:undefined:undefined:undefined":34,"s:337:4:337:Infinity":145,"s:337:17:337:Infinity":146,"s:340:26:340:Infinity":147,"b:341:4:343:Infinity:undefined:undefined:undefined:undefined":35,"s:341:4:343:Infinity":148,"f:341:27:341:32":48,"s:341:32:341:76":149,"b:341:32:341:53:341:53:341:76":36,"s:342:6:342:Infinity":150,"s:345:21:345:Infinity":151,"f:345:36:345:41":49,"s:345:41:345:52":152,"s:346:4:346:Infinity":153,"s:348:4:348:Infinity":154,"s:350:4:350:Infinity":155,"f:353:9:353:20":50,"s:354:20:354:Infinity":156,"s:355:4:360:Infinity":157,"f:357:29:357:34":51,"s:357:34:357:55":158,"f:358:30:358:35":52,"s:358:35:358:57":159,"f:359:32:359:37":53,"s:359:37:359:61":160,"f:366:9:366:32":54,"s:367:4:396:Infinity":161,"f:399:9:399:17":55,"s:400:4:400:Infinity":162,"f:400:30:400:35":56,"s:400:35:400:46":163,"f:403:9:403:13":57,"s:404:18:404:Infinity":164,"s:405:32:410:Infinity":165,"s:411:4:411:Infinity":166,"s:412:4:412:Infinity":167,"s:413:4:413:Infinity":168,"f:416:9:416:16":58,"s:417:18:417:Infinity":169,"s:418:18:418:Infinity":170,"f:418:34:418:39":59,"s:418:39:418:50":171,"b:419:4:419:Infinity:undefined:undefined:undefined:undefined":37,"s:419:4:419:Infinity":172,"s:419:22:419:Infinity":173,"s:421:4:425:Infinity":174,"s:426:4:426:Infinity":175,"s:427:4:427:Infinity":176,"f:430:9:430:16":60,"s:431:18:431:Infinity":177,"s:432:20:432:Infinity":178,"b:435:4:437:Infinity:undefined:undefined:undefined:undefined":38,"s:435:4:437:Infinity":179,"f:435:21:435:26":61,"s:435:26:435:48":180,"s:436:6:436:Infinity":181,"s:439:21:439:Infinity":182,"f:439:34:439:39":62,"s:439:39:439:50":183,"s:440:4:440:Infinity":184,"s:441:4:441:Infinity":185,"f:447:9:447:34":63,"s:448:4:448:Infinity":186,"f:451:9:451:17":64,"s:452:4:452:Infinity":187,"f:452:30:452:35":65,"s:452:35:452:46":188,"f:455:9:455:21":66,"s:456:4:456:Infinity":189,"f:456:32:456:37":67,"s:456:37:456:60":190,"f:459:9:459:19":68,"s:460:4:460:Infinity":191,"f:460:32:460:37":69,"s:460:37:460:56":192,"f:463:9:463:45":70,"s:464:4:464:Infinity":193,"f:464:32:464:37":71,"s:464:37:464:86":194,"b:464:37:464:64:464:64:464:86":39,"f:467:9:467:45":72,"s:468:10:468:Infinity":195,"s:469:20:469:Infinity":196,"s:470:21:470:Infinity":197,"s:473:27:479:Infinity":198,"f:473:39:473:44":73,"b:474:6:477:Infinity:undefined:undefined:undefined:undefined":40,"s:474:6:477:Infinity":199,"b:474:10:474:37:474:37:474:54":41,"s:475:8:475:Infinity":200,"s:476:8:476:Infinity":201,"s:478:6:478:Infinity":202,"b:482:4:484:Infinity:undefined:undefined:undefined:undefined":42,"s:482:4:484:Infinity":203,"s:483:6:483:Infinity":204,"s:486:4:486:Infinity":205,"f:486:33:486:38":74,"s:486:38:486:60":206,"f:490:9:490:16":75,"s:496:50:496:Infinity":207,"s:498:17:498:Infinity":208,"b:499:4:499:Infinity:undefined:undefined:undefined:undefined":43,"s:499:4:499:Infinity":209,"s:499:15:499:Infinity":210,"b:500:4:500:Infinity:undefined:undefined:undefined:undefined":44,"s:500:4:500:Infinity":211,"s:500:37:500:Infinity":212,"b:501:4:501:Infinity:undefined:undefined:undefined:undefined":45,"s:501:4:501:Infinity":213,"s:501:34:501:Infinity":214,"s:503:19:503:Infinity":215,"b:504:4:504:Infinity:undefined:undefined:undefined:undefined":46,"s:504:4:504:Infinity":216,"s:504:17:504:Infinity":217,"b:505:4:505:Infinity:undefined:undefined:undefined:undefined":47,"s:505:4:505:Infinity":218,"s:505:36:505:Infinity":219,"b:506:4:508:Infinity:undefined:undefined:undefined:undefined":48,"s:506:4:508:Infinity":220,"s:507:6:507:Infinity":221,"s:511:21:511:Infinity":222,"s:512:27:512:Infinity":223,"f:512:59:512:64":76,"s:512:64:512:87":224,"b:513:4:515:Infinity:undefined:undefined:undefined:undefined":49,"s:513:4:515:Infinity":225,"b:513:8:513:37:513:37:513:67":50,"s:514:6:514:Infinity":226,"s:517:16:517:Infinity":227,"s:518:20:518:Infinity":228,"s:519:4:519:Infinity":229,"s:521:33:539:Infinity":230,"s:541:20:541:Infinity":231,"s:542:4:542:Infinity":232,"s:543:4:543:Infinity":233,"s:546:30:546:Infinity":234,"s:547:4:551:Infinity":235,"b:549:40:549:67:549:67:549:Infinity":51,"s:554:4:556:Infinity":236,"s:558:4:559:Infinity":237,"s:561:4:561:Infinity":238,"f:565:9:565:16":77,"s:571:63:571:Infinity":239,"b:571:45:571:48":52,"s:573:20:573:Infinity":240,"s:574:18:574:Infinity":241,"f:574:36:574:41":78,"s:574:41:574:58":242,"b:576:4:576:Infinity:undefined:undefined:undefined:undefined":53,"s:576:4:576:Infinity":243,"s:576:22:576:Infinity":244,"b:577:4:577:Infinity:undefined:undefined:undefined:undefined":54,"s:577:4:577:Infinity":245,"s:577:46:577:Infinity":246,"s:579:19:579:Infinity":247,"s:580:10:580:Infinity":248,"s:583:4:591:Infinity":249,"s:593:4:593:Infinity":250,"s:596:17:596:Infinity":251,"b:597:4:602:Infinity:undefined:undefined:undefined:undefined":55,"s:597:4:602:Infinity":252,"s:598:6:601:Infinity":253,"s:605:19:605:Infinity":254,"b:606:4:610:Infinity:undefined:undefined:undefined:undefined":56,"s:606:4:610:Infinity":255,"s:607:6:609:Infinity":256,"s:612:4:613:Infinity":257,"s:615:4:615:Infinity":258,"f:619:9:619:15":79,"s:623:35:623:Infinity":259,"s:625:20:625:Infinity":260,"s:626:18:626:Infinity":261,"f:626:36:626:41":80,"s:626:41:626:58":262,"b:628:4:628:Infinity:undefined:undefined:undefined:undefined":57,"s:628:4:628:Infinity":263,"s:628:22:628:Infinity":264,"s:630:19:630:Infinity":265,"b:631:4:631:Infinity:undefined:undefined:undefined:undefined":58,"s:631:4:631:Infinity":266,"s:631:38:631:Infinity":267,"s:633:19:633:Infinity":268,"b:634:4:634:Infinity:undefined:undefined:undefined:undefined":59,"s:634:4:634:Infinity":269,"s:634:17:634:Infinity":270,"b:636:4:638:Infinity:undefined:undefined:undefined:undefined":60,"s:636:4:638:Infinity":271,"s:637:6:637:Infinity":272,"b:641:4:643:Infinity:undefined:undefined:undefined:undefined":61,"s:641:4:643:Infinity":273,"s:642:6:642:Infinity":274,"s:645:23:645:Infinity":275,"s:646:4:646:Infinity":276,"s:648:4:655:Infinity":277,"s:657:4:657:Infinity":278,"s:659:4:660:Infinity":279,"s:662:4:662:Infinity":280,"f:665:9:665:20":81,"s:666:20:666:Infinity":281,"s:667:10:667:Infinity":282,"s:668:10:668:Infinity":283,"s:671:21:671:Infinity":284,"s:672:27:678:Infinity":285,"f:672:39:672:44":82,"b:673:6:676:Infinity:undefined:undefined:undefined:undefined":62,"s:673:6:676:Infinity":286,"b:673:10:673:37:673:37:673:54":63,"s:674:8:674:Infinity":287,"s:675:8:675:Infinity":288,"s:677:6:677:Infinity":289,"b:680:4:682:Infinity:undefined:undefined:undefined:undefined":64,"s:680:4:682:Infinity":290,"s:681:6:681:Infinity":291,"s:684:4:695:Infinity":292,"f:686:37:686:42":83,"s:686:42:686:91":293,"b:686:42:686:69:686:69:686:91":65,"f:687:37:687:42":84,"s:687:42:687:64":294,"f:688:38:688:43":85,"s:688:43:688:66":295,"f:689:42:689:Infinity":86,"s:690:8:690:Infinity":296,"f:692:42:692:Infinity":87,"s:693:8:693:Infinity":297,"b:693:8:693:24:693:24:693:Infinity":66,"f:701:9:701:34":88,"s:702:4:711:Infinity":298,"f:714:9:714:17":89,"s:715:4:715:Infinity":299,"f:715:30:715:35":90,"s:715:35:715:46":300,"f:718:9:718:13":91,"s:719:23:719:Infinity":301,"s:720:38:725:Infinity":302,"s:726:4:726:Infinity":303,"s:727:4:727:Infinity":304,"s:728:4:728:Infinity":305,"f:731:9:731:16":92,"s:732:23:732:Infinity":306,"s:733:18:733:Infinity":307,"f:733:39:733:44":93,"s:733:44:733:55":308,"b:734:4:734:Infinity:undefined:undefined:undefined:undefined":67,"s:734:4:734:Infinity":309,"s:734:22:734:Infinity":310,"s:736:4:740:Infinity":311,"s:741:4:741:Infinity":312,"s:742:4:742:Infinity":313,"f:745:9:745:16":94,"s:746:23:746:Infinity":314,"s:747:18:747:Infinity":315,"b:749:4:751:Infinity:undefined:undefined:undefined:undefined":68,"s:749:4:751:Infinity":316,"f:749:19:749:24":95,"s:749:24:749:43":317,"s:750:6:750:Infinity":318,"s:753:21:753:Infinity":319,"f:753:39:753:44":96,"s:753:44:753:55":320,"s:754:4:754:Infinity":321,"s:755:4:755:Infinity":322,"f:761:9:761:34":97,"s:762:4:762:Infinity":323,"f:765:9:765:Infinity":98,"s:772:17:772:Infinity":324,"s:773:30:782:Infinity":325,"s:784:4:784:Infinity":326,"b:786:4:788:Infinity:undefined:undefined:undefined:undefined":69,"s:786:4:788:Infinity":327,"s:787:6:787:Infinity":328,"s:790:4:790:Infinity":329,"s:791:4:791:Infinity":330,"f:794:9:794:23":99,"s:795:4:795:Infinity":331,"f:801:9:801:31":100,"s:802:4:812:Infinity":332,"f:815:9:815:16":101,"s:816:20:816:Infinity":333,"s:817:20:817:Infinity":334,"s:818:4:818:Infinity":335,"s:819:4:819:Infinity":336}}}
}
